   1               		.file	"Adafruit_NeoPixel.cpp"
   2               	__SP_H__ = 0x3e
   3               	__SP_L__ = 0x3d
   4               	__SREG__ = 0x3f
   5               	__RAMPZ__ = 0x3b
   6               	__tmp_reg__ = 0
   7               	__zero_reg__ = 1
   8               		.text
   9               	.Ltext0:
  10               		.section	.gnu.lto_.profile.e4fe2295,"",@progbits
  11 0000 789C 6366 		.string	"x\234cf```c\200"
  11      6060 6063 
  11      8000 
  12 000a 4686 39CC 		.string	"F\2069\314\213\231"
  12      8B99 00
  13 0011 0463 014F 		.ascii	"\004c\001O"
  14               		.text
  15               		.section	.gnu.lto_.jmpfuncs.e4fe2295,"",@progbits
  16 0000 789C 754E 		.string	"x\234uN!\022\302@\f\334Mz\034\303L)\272\006\301S\372\250\312\373\001\337"
  16      2112 C240 
  16      0CDC 4D7A 
  16      1CC3 4C29 
  16      BA06 C153 
  17 001b 3E80 C0F1 		.ascii	">\200\300\361\001<\n\203\250\005W\f$\275\0023\314\020\261I6\273"
  17      013C 0A83 
  17      A805 570C 
  17      24BD 0233 
  17      CC10 B149 
  18 0031 4914 7F82 		.ascii	"I\024\177\2029\225 \231\340\310Dm\215\227\340\r\227\311C?\215"
  18      3995 2099 
  18      E0C8 446D 
  18      8D97 E00D 
  18      97C9 433F 
  19 0046 6118 E6DA 		.ascii	"a\030\346\332\232W[qP\207\002(\324\306\321\364a,\250?\332\211"
  19      9A57 5B71 
  19      5087 0228 
  19      D4C6 D1F4 
  19      612C A83F 
  20 005c 909A 52CC 		.ascii	"\220\232R\314I\276\323i\341\007\252\341\030 \\\325\320\346&\274"
  20      49BE D369 
  20      E107 AAE1 
  20      1820 5CD5 
  20      D0E6 26BC 
  21 0070 9C1E 7B76 		.ascii	"\234\036{v\322\013\024\334\260&\250M.J\177\326v\212\311\016\353"
  21      D20B 14DC 
  21      B026 A84D 
  21      2E4A 7FD6 
  21      768A C90E 
  22 0085 E771 E632 		.ascii	"\347q\3462[\305-k\214\374\375z\356\343\300\233qg\374\374\375"
  22      5BC5 2D6B 
  22      8CFC FD7A 
  22      EEE3 C09B 
  22      7167 FCFC 
  23 009a 62E5 EE45 		.ascii	"b\345\356E\376\003/3\257+|"
  23      FE03 2F33 
  23      AF2B 7C
  24               		.text
  25               		.section	.gnu.lto_.inline.e4fe2295,"",@progbits
  26 0000 789C 9552 		.string	"x\234\225R\261n\324@\020}3\273g\357\335\331g\023\245\210\216\203\270K\232\234\\\241+\363\
  26      B16E D440 
  26      107D 33BB 
  26      67EF DDD9 
  26      6713 A588 
  27 004a 5B7E B3F2 		.ascii	"[~\263\362\316\276\367fg\034\356\177^\273:\246\350\376\304w\""
  27      CEBE F766 
  27      671C EE7F 
  27      5EBB 3AA6 
  27      E8FE C477 
  28 005f F017 7A7F 		.ascii	"\360\027z\177\336G\366\353-\261np\237\024dE\b\0319\034\374`\372"
  28      DE47 F6EB 
  28      2DB1 6E70 
  28      9F14 6445 
  28      0819 391C 
  29 0076 F0E6 E663 		.ascii	"\360\346\346co\311\277YR\350\210\206n\202Y\023\tn\342%;Zl3h\031"
  29      6FC9 BF59 
  29      52E8 8886 
  29      6E82 5913 
  29      096E E225 
  30 0090 E78C CEE1 		.ascii	"\347\214\316\341N^S!\200\346S\306\326\006u1\023\242\317\337\226"
  30      4E5E 5321 
  30      80E6 53C6 
  30      D606 7531 
  30      13A2 CFDF 
  31 00a5 9F8C 486C 		.ascii	"\237\214Hl\320\261\020\2248h\242\020\225,\332N>O\246\357&\324"
  31      D0B1 1094 
  31      3868 A210 
  31      952C DA4E 
  31      3E4F A6EF 
  32 00bb 2C76 D3DE 		.ascii	",v\323\336j\374\227\206?\313J\257\370\324pN^w+\346:\200\317\262"
  32      6AFC 9786 
  32      3FCB 4AAF 
  32      F8D4 704E 
  32      5E77 2BE6 
  33 00d3 CA1B 46F6 		.ascii	"\312\033F\366'0"
  33      2730 
  34 00d9 E28B 2755 		.string	"\342\213'UPs\016\311@*\026n\250H\347N\t\276F\370\305v\242\251Q&\373\363i\373z\f7)\226\013
  34      5073 0EC9 
  34      402A 166E 
  34      A848 E74E 
  34      09BE 46F8 
  35 01da 470A 8712 		.ascii	"G\n\207\022"
  36               		.text
  37               		.section	.gnu.lto_.pureconst.e4fe2295,"",@progbits
  38 0000 789C 6366 		.string	"x\234cf``\220e\200"
  38      6060 9065 
  38      8000 
  39 000a 3E06 2B46 		.string	">\006+FI&)fI\026)VI6VvV\016+\036\t^I>\006~V\001)"
  39      4926 2966 
  39      4916 2956 
  39      4936 5676 
  39      560E 2B1E 
  40 0028 1F96 01E6 		.ascii	"\037\226\001\346"
  41               		.text
  42               		.section	.gnu.lto__ZN17Adafruit_NeoPixel4showEv.part.0.e4fe2295,"",@progbits
  43 0000 789C 9556 		.string	"x\234\225VoPT\327\025\177\347\276\267\273\357-\353\202(\250\240\331\215dEe\361_I\323\351\
  43      6F50 54D7 
  43      157F E7BE 
  43      B7BB EF2D 
  43      EB82 28A8 
  44 004e B66A 4CD5 		.ascii	"\266jL\325\232\004M QQ \306\230\204\005\027\304h\3509\367>v\337"
  44      9A04 4D20 
  44      5151 20C6 
  44      9884 0517 
  44      C468 E839 
  45 0066 6E36 6CD6 		.ascii	"n6l\326\031\017\367\235s~\277s\356\271\347\236\275\262\364\315"
  45      190F F79D 
  45      737E BF73 
  45      EEB9 E79E 
  45      BDB2 F4CD 
  46 007a 7F65 F83F 		.ascii	"\177e\370?7C"
  46      3743 
  47 0080 9286 9824 		.string	"\222\206\230$\201]\002\255\361\034.4`\374/c\362\363\247$I\267+\2656Iw\310B\275Za\226\272|
  47      815D 02AD 
  47      F11C 2E34 
  47      60FC 2F63 
  47      F2F3 A724 
  48 0181 7E80 C34D 		.string	"~\200\303MQ\033\276S\324v\016K-\324A\216i\036=>\252\310?\347\251\266\275\027\376\253\223\
  48      511B BE53 
  48      D476 0E4B 
  48      2DD4 418E 
  48      691E 3D3E 
  49 01ce 7D98 A34F 		.ascii	"}\230\243O\234z\241\301\"\377\212\243/m\335\271Id\177&\026~$"
  49      9C7A A1C1 
  49      22FF 8AA3 
  49      2F6D DDB9 
  49      4964 7F26 
  50 01e5 01BC 83C3 		.ascii	"\001\274\203\303\373\336\351\375\263M\3765\207\037\254\335~\234"
  50      FBDE E9FD 
  50      B34D FE35 
  50      871F ACDD 
  50      7E9C 
  51 01f7 92D7 5977 		.ascii	"\222\327Yw\213=\n\267\300\321\330\0260\b\216q\202\236\226}\257"
  51      8B3D 0AB7 
  51      C0D1 D816 
  51      3008 8E71 
  51      829E 967D 
  52 020c D9E5 DF70 		.ascii	"\331\345\337p\202\303c{\177\313\303\217\274h\302[\341\237\t\361"
  52      82C3 637B 
  52      7FCB C38F 
  52      BC68 C25B 
  52      E19F 09F1 
  53 0220 FF82 BCFD 		.ascii	"\377\202\274\375\231\272\216>\027\317\347\375\004\260\263l\f"
  53      99BA 8E3E 
  53      17CF E7FD 
  53      04B0 B36C 
  53      0C
  54 0231 A8B5 645A 		.ascii	"\250\265dZ*$,(T+\017e\343RE\205\246\221\260\223HCaw\320j\006"
  54      2A24 2C28 
  54      542B 0F65 
  54      E352 4585 
  54      A691 B093 
  55 024c 0927 8974 		.ascii	"\t'\211t\022\031(\322f\222\310$1\213\304l2d\221\310&1\207\304"
  55      1219 28D2 
  55      6692 C824 
  55      318B C46C 
  55      3264 91C8 
  56 0264 5C12 F348 		.ascii	"\\\022\363HPgk\271\024o>\221.\240\317\007H\270H\270I<H,\013I"
  56      5067 6BB9 
  56      146F 3E91 
  56      2EA0 CF07 
  56      48B8 48B8 
  57 027e E491 7888 		.ascii	"\344\221x\210\204\207\f\213H\344\223XLb\t\211\245$\nHx\211\264"
  57      8487 0C8B 
  57      48E4 9358 
  57      4C62 0989 
  57      A524 0A48 
  58 0295 90B6      		.ascii	"\220\266"
  59 0297 2349 0378 		.string	"#I\003xQp\n\f0\r\377\310\203x\347\360j\313\037AM\347\241\223\n3])\252\016m\230\216\211N\2
  59      5170 0A0C 
  59      300D FFC8 
  59      8378 E7F0 
  59      6ACB 1F41 
  60 0398 04B5 3585 		.ascii	"\004\2655\2052\315\202S\234\232\317\301\323H}\021\370\326\350"
  60      32CD 8253 
  60      9C9A CFC1 
  60      D348 7D11 
  60      F8D6 E8
  61 03ab 0891 89AA 		.ascii	"\b\221\211\252\326\274\361\234#$\013j\033\352\350*\306x\331("
  61      D6BC F19C 
  61      2324 0B6A 
  61      1BEA E82A 
  61      C678 D928 
  62 03bf 9F31 BBF0 		.ascii	"\2371\273\360P\315Gf\341\001\217\355\337\266\315F\271\324VaD"
  62      50CD 4766 
  62      E101 8FED 
  62      DFB6 CD46 
  62      B9D4 5661 
  63 03d4 8528 DEA6 		.ascii	"\205(\336\246\\\340\f\2066\355\245\203\310TQ\247[j\227l\036\324"
  63      5CE0 0C86 
  63      36ED A583 
  63      C854 51A7 
  63      5B6A 976C 
  64 03ea 46B9 DFA1 		.ascii	"F\271\337\241\020Z\n\245\233\r\377\345\373\223i\177gE\033\334"
  64      105A 0AA5 
  64      9B0D FFE5 
  64      FB93 697F 
  64      6745 1BDC 
  65 03fe B10A 1EBB 		.ascii	"\261\n\036\273\240\212\374\220hx\325\317!\t\266\305\207\330\026"
  65      A08A FC90 
  65      6878 D5CF 
  65      2109 B6C5 
  65      87D8 16
  66 0411 C207 1D2E 		.ascii	"\302\007\035.\f\3348\301\267\243!\307y\243-\006qs\335\262\314"
  66      0CDC 38C1 
  66      B7A3 21C7 
  66      79A3 2D06 
  66      7173 DDB2 
  67 0426 930D AB5D 		.ascii	"\223\r\253]6\363\025\300\361Jc\231\247\213\220\377\021QZ\n\207"
  67      36F3 15C0 
  67      F14A 6399 
  67      A78B 90FF 
  67      1151 5A0A 
  68 043b 6287 0B3C 		.ascii	"b\207\013<i\205\222~W\2347\326\227\3638\314\365\265'\250o\026"
  68      6985 927E 
  68      579C 37D6 
  68      97F3 38CC 
  68      F5B5 27A8 
  69 0451 C682 F778 		.ascii	"\306\202\367x}\337\027\365\255>\f\002;#\245\302\365\360\034,"
  69      7DDF 17F5 
  69      AD3E 0C02 
  69      3B23 A5C2 
  69      F5F0 1C2C 
  70 0465 94C3 4551 		.ascii	"\224\303EQ\270\333V\301\343\3044\306\371U\245\243C\025]tT\363"
  70      B8DB 56C1 
  70      E3C4 34C6 
  70      F955 A5A3 
  70      4315 5D74 
  71 047b 3CEB 7B9D 		.ascii	"<\353{\235s\205[\372t\271]2r\273l\023\316\031\350o\376\236)\002"
  71      7385 5BFA 
  71      74B9 5D32 
  71      72BB 6C13 
  71      CE19 E86F 
  72 0493 54DF 3562 		.ascii	"T\3375bf\242\3128<\376=\213C2\315\220\331\2505\345\364\006\345"
  72      66A2 CA38 
  72      3CFE 3D8B 
  72      4332 CD90 
  72      D9A8 35E5 
  73 04aa 349B 2BDA 		.ascii	"4\233+\332\307\324~Y8e\361\201\024\365:H^Y\244\030\036\036S/"
  73      C7D4 7E59 
  73      3865 F181 
  73      14F5 3A48 
  73      5E59 A418 
  74 04c2 702F E337 		.ascii	"p/\3437\365\320\316\352\323\274\314\331\252\004\037`\326\204"
  74      F5D0 CEEA 
  74      D3BC CCD9 
  74      AA04 1F60 
  74      D684 
  75 04d4 0A5D D2   		.ascii	"\n]\322"
  76 04d7 7C82 299B 		.string	"|\202)\233v\035e\032gs\250\203\315\212\271\274\013L\212y\024\316\254\310\211\315f\234\345
  76      761D 651A 
  76      6773 A883 
  76      CD8A B9BC 
  76      0B4C 8A79 
  77 05d8 0947 07C8 		.string	"\tG\007\310Xd\200p\036\027\306E6\243\361CS\003\304e\f\020\307<\341\346\236.\267\361\350"
  77      5864 8070 
  77      1E17 C645 
  77      36A3 F143 
  77      5303 C465 
  78 05f8 E1CE 0FA2 		.ascii	"\341\316\017\242\277\371{\241\b@\003\204\177#\377Bc\200\360\357"
  78      BFF9 7BA1 
  78      0840 0384 
  78      7F23 FF42 
  78      6380 F0EF 
  79 060c 8738 24CF 		.ascii	"\2078$\317\f\361\240\326\224\023\037 \0361@\2064\034 \334i\221"
  79      0CF1 A0D6 
  79      9413 1F20 
  79      1E31 4086 
  79      341C 20DC 
  80 0622 E9CA 92D7 		.ascii	"\351\312\222\327\001\362Z$\006\310\220v\201{\321iE&F{\217\335"
  80      01F2 5A24 
  80      06C8 9076 
  80      817B D169 
  80      4526 467B 
  81 0638 27A0 F9A6 		.ascii	"'\240\371\246\211\301\025\213M\023\203+\226\360s6)\226\022\277"
  81      89C1 158B 
  81      4D13 832B 
  81      96F0 7336 
  81      2996 12BF 
  82 064c 5951 101B 		.ascii	"YQ\020\033~\234y\243\023#$&F\210%\353\344;\361\235<A\3158\037"
  82      7E9C 79A3 
  82      1323 2426 
  82      4688 25EB 
  82      E43B F19D 
  83 0665 2D77 935F 		.ascii	"-w\223_\241\257\342\256\320=\302\346\243\341~r\354\327q\330I"
  83      A1AF E2AE 
  83      D03D C2E6 
  83      A3E1 7E72 
  83      ECD7 71D8 
  84 067a C22E 4683 		.ascii	"\302.F\203\316\222b\253X,\266\232\236\022K\320P\223\034[\033"
  84      CE92 62AB 
  84      582C B69A 
  84      9E12 4BD0 
  84      5093 1C5B 
  85 068f 877D 96B0 		.ascii	"\207}\226\260K\321\26019vS\034\266\216\260\005hx\216%\035\031"
  85      4BD1 B031 
  85      3976 531C 
  85      B68E B005 
  85      6878 8E25 
  86 06a5 F52C AED0 		.ascii	"\365,\256\320\233\23112\236gIG\306\013,nd4\020\330\213\226-L"
  86      9B99 3132 
  86      9E67 4947 
  86      C60B 2C6E 
  86      6434 10D8 
  87 06bd 8C0C DBD4 		.ascii	"\214\f\333\324\2134T\341\232z\220^\263$y\2216\022-lE\nz\276\217"
  87      8B34 54E1 
  87      9A7A 905E 
  87      B324 7991 
  87      3612 2D6C 
  88 06d6 5678 C5C3 		.ascii	"Vx\305\303\255\360[\336\345M,\362.o\352\317&\337\224^\341\333"
  88      ADF0 5BDE 
  88      E54D 2CF2 
  88      2E6F EACF 
  88      26DF 945E 
  89 06ec 58E4 15BE 		.ascii	"X\344\025\276\235\025b\030\236\270J\211_\206\252\316\035'm 2"
  89      9D15 6218 
  89      9EB8 4A89 
  89      5F86 AACE 
  89      1D27 6D20 
  90 0701 A797 36A0 		.ascii	"\247\2276\240\032}\177\264l\331\362\265\276`\311\006_\320\277"
  90      1A7D 7FB4 
  90      6CD9 F2B5 
  90      BE60 C906 
  90      5FD0 BF
  91 0714 BC34 501C 		.ascii	"\2744P\034\364\005\003\376\212\345\253K|\217\007\377\030\250"
  91      F405 03FE 
  91      8AE5 AB4B 
  91      7C8F 07FF 
  91      18A8 
  92 0726 FCFD 63FE 		.ascii	"\374\375c\376\262_\004\236\364\227~S\263lMy\271\244T\256\rT\310"
  92      B25F 049E 
  92      F497 7E53 
  92      B36C 4D79 
  92      B9A4 54AE 
  93 073d C581 4A65 		.ascii	"\305\201Je\275\377\311JVZ\306\326\006\240X.\257\fB@YS\032\220"
  93      BDFF C94A 
  93      565A C6D6 
  93      06A0 582E 
  93      AF0C 4240 
  94 0755 6CEB FCEB 		.ascii	"l\353\374\353\312\202OI\367`\255\337W\262j\305\017\355ZE\245"
  94      CA82 4F49 
  94      F760 ADDF 
  94      57B2 6AC5 
  94      0FED 5A45 
  95 076a DBED F6F8 		.ascii	"\333\355\366\370Vx\335\236\225\370U\034\\\343\366\254\362\272"
  95      5678 DD9E 
  95      95F8 551C 
  95      5CE3 F6AC 
  95      F2BA 
  96 077c 1FB1 6BEB 		.ascii	"\037\261k\353\312\376\204\226\"a(\361\257\301\217\357\305\370"
  96      CAFE 8496 
  96      2261 28F1 
  96      AFC1 8FEF 
  96      C5F8 
  97 078e 1799 7D1E 		.ascii	"\027\231}\036\266k\305A\377\037\334\024\271\370\251J\377\252"
  97      B66B C541 
  97      FF1F DC14 
  97      B9F8 A94A 
  97      FFAA 
  98 07a0 1576 2D58 		.ascii	"\025v-XV\212\326U\270xb]\271{Y\001\252\326\227\225\307p<l\250"
  98      568A D655 
  98      B878 625D 
  98      B97B 5901 
  98      AAD6 9795 
  99 07b9 A21E 7C25 		.ascii	"\242\036|%\322C[\204\rS--\tP\016^\367\017hM\024\230\250"
  99      D243 5B84 
  99      0D53 2D2D 
  99      0950 0E5E 
  99      F70F 684D 
 100 07d0 C7F7 FD82 		.ascii	"\307\367\375\202\204\214\025\305\201\rn\317#^\367J\312l\275?"
 100      848C 15C5 
 100      810D 6ECF 
 100      235E F74A 
 100      CA6C BD3F 
 101 07e4 C229 31BF 		.ascii	"\302)1\277\304\202\022\333 }\311HW\224B\031\342\322\344\253\330"
 101      C482 12DB 
 101      207D C948 
 101      5794 4219 
 101      E2D2 E4AB 
 102 07f9 8A24 F298 		.ascii	"\212$\362\230~\225 \367\230\262FJ\037S\337\"s}\023\225\360\273"
 102      7E95 20F7 
 102      98B2 464A 
 102      1F53 DF22 
 102      737D 1395 
 103 080f AE44 09A2 		.ascii	"\256D\t\242\245.JR\352oK\334\244OTy\n!)\025\376\200\364\177\222"
 103      A52E 4A52 
 103      EA6F 4BDC 
 103      A44F 5479 
 103      0A21 2915 
 104 0828 FEEE 5B   		.ascii	"\376\356["
 105               		.text
 106               		.section	.gnu.lto__ZN17Adafruit_NeoPixel4showEv.e4fe2295,"",@progbits
 107 0000 789C 7592 		.ascii	"x\234u\222]HTA\024\307\347?sw\357v\265M|\334W1\tR{\350\245\227"
 107      5D48 5441 
 107      14C7 E73F 
 107      7377 EF76 
 107      B54D 7CDC 
 108 001c C297 E821 		.ascii	"\302\227\350!\244\3505\21057\274 (\253Q/\342l-iF\262\212\332"
 108      A4E8 3588 
 108      3537 BC20 
 108      28AB 512F 
 108      E26C 2D69 
 109 0034 E247 2941 		.ascii	"\342G)A\231\232\246\226_%X\322\007\005>\030\226\354\206\210("
 109      999A A696 
 109      5F25 58D2 
 109      0705 3E18 
 109      96EC 8688 
 110 0049 D4D2 43BA 		.ascii	"\324\322C\272\250l\021\333\231\331\242\304m\3400\367\314\375"
 110      A86C 11DB 
 110      99D9 A2C4 
 110      6DE0 30F7 
 110      CCFD 
 111 005b FFFE 6798 		.ascii	"\377\376g\230s\004\333\275\016SD9cgh\207\203\201\207\346\030"
 111      7304 DBBD 
 111      0E53 4439 
 111      6367 6887 
 111      8381 87E6 
 112 0070 0BB8 3837 		.ascii	"\013\27087\266L&-\321\376\2121\231)`\250s\030\200\332\031X-\027"
 112      B64C 262D 
 112      D1FE 8A31 
 112      9929 60A8 
 112      7318 80DA 
 113 0088 066A 79ED 		.ascii	"\006jy\355\027\276\316\261\335\325\375\206\347\345\336\252\237"
 113      17BE CEB1 
 113      DDD5 FD86 
 113      E7E5 DEAA 
 113      9F
 114 0099 CD96 0D87 		.ascii	"\315\226\r\207\022d\027\347){\334G\036\t6\307o\374\344\242\b"
 114      1264 17E7 
 114      297B DC47 
 114      1E09 36C7 
 114      6FFC E4A2 
 115 00ae 8CBE 5B87 		.ascii	"\214\276[\207{\306\335\237y\202#K\245\213\315\033\335\031*\345"
 115      7BC6 DD9F 
 115      7982 234B 
 115      A58B CD1B 
 115      DD19 2AE5 
 116 00c2 5CA5 0D5F 		.ascii	"\\\245\r_G\353\254\334\2732\304{g\244Hp\201^\br\303\003x\320"
 116      47EB ACDC 
 116      BB32 C47B 
 116      67A4 4870 
 116      815E 0872 
 117 00da 070F A323 		.ascii	"\007\017\243#\206~\344*\361\365\211h\275\333i U\016\003p\202"
 117      867E E42A 
 117      F1F5 8968 
 117      BDDB 6920 
 117      550E 0370 
 118 00ef F6A1 EC19 		.ascii	"\366\241\354\031\231L\212\221\225\357G`\n(\261A\230\301\330*"
 118      994C 8A91 
 118      95EF 4760 
 118      0A28 B141 
 118      98C1 D82A 
 119 0103 C962 265B 		.ascii	"\311b&[\243R1SDpel\370%L2Z\350\354\035\260\304q}\277\261\255"
 119      A352 3153 
 119      4470 656C 
 119      F825 4C32 
 119      5AE8 EC1D 
 120 011e 7B67 737A 		.ascii	"{gszdPlu\364aY\206\344\276d\322Lp\007\036\356\274Hj\021\020}"
 120      6450 6C75 
 120      F461 5986 
 120      E4BE 64D2 
 120      4C70 071E 
 121 0139 1769 33C5 		.ascii	"\027i3\305\t\r\217\004[\246\335DK\376\242\323\n\313\340\262\320"
 121      090D 8F04 
 121      5BA6 DD44 
 121      4BFE A2D3 
 121      0ACB E0B2 
 122 014e B013 43FF 		.ascii	"\260\023C\377\201g_\337lt\210\223\032\376\330\324^g\351\322o"
 122      8167 5FDF 
 122      6C74 8893 
 122      1AFE D8D4 
 122      5E67 E9D2 
 123 0163 3B5D 7F61 		.ascii	";]\177a\023\303)\370\240\007\007\376A\3277[[2D\261FW\346\232"
 123      13C3 29F8 
 123      A007 07FE 
 123      41D7 375B 
 123      5B32 44B1 
 124 017b F76B 727E 		.ascii	"\367kr~'9\232\226\f\307\247\343\2068\255\311\301\367\233\267"
 124      2739 9A96 
 124      0CC7 A7E3 
 124      8638 ADC9 
 124      C1F7 9BB7 
 125 018f DD1A 8DEC 		.ascii	"\335\032\215\354D\237\244E\377<9\006\221\203G\024#\024\217)\306"
 125      449F A445 
 125      FF3C 3906 
 125      9183 4714 
 125      2314 8F29 
 126 01a4 90A3 3B40 		.ascii	"\220\243;@}\030\207s\233\033$\236jL>\267To]\232\235\370\026_"
 126      7D18 8773 
 126      9B1B 249E 
 126      6A4C 3EB7 
 126      546F 5D9A 
 127 01bc 7276 A123 		.ascii	"rv\241#\220\365!\354N\360=\333\324\335\t\365\030\364\257\355"
 127      90F5 21EC 
 127      4EF0 3DDB 
 127      D4DD 09F5 
 127      18F4 AFED 
 128 01d0 5AD3 9DBD 		.ascii	"Z\323\235\275\371\375RJ\027\265\n\223\350\302\206\236!L!\237"
 128      F9FD 524A 
 128      17B5 0A93 
 128      E8C2 869E 
 128      214C 219F 
 129 01e4 2D20 B878 		.ascii	"- \270x\325\235\306\230\232\212\247\277\337s\215&#h\212O\bf\351"
 129      D59D C698 
 129      9A8A A7BF 
 129      DF73 8D26 
 129      2368 8A4F 
 130 01fb 8B90 6E32 		.ascii	"\213\220n2\032\210d\326\374\220\365\312\325\212s\032\017<C\r"
 130      1A88 64D6 
 130      FC90 F5CA 
 130      D58A 731A 
 130      0F3C 430D 
 131 020f A3CA 099E 		.ascii	"\243\312\t\236\241\031C\215\302\022\002\362\230\262W>\253$\213"
 131      A119 438D 
 131      C212 02F2 
 131      98B2 573E 
 131      AB24 8B
 132 0222 9954 FC68 		.ascii	"\231T\374hAAa\231\327_z\311\353\367\025\226\333%~\257\337\366"
 132      4141 6199 
 132      D75F 7AC9 
 132      EBF7 1596 
 132      DB25 7EAF 
 133 0238 5515 1695 		.ascii	"U\025\026\225z/\370/\332\325\347\212}\025\247\354\313\276\362"
 133      7A2F F82F 
 133      DAD5 E78A 
 133      7D15 A7EC 
 133      CBBE F2
 134 024b DD27 05E7 		.ascii	"\335'\005\347++\231Q]fW\301\026\225\325~\224\3602\233\227W\374"
 134      2B2B 9951 
 134      5D66 57C1 
 134      1695 D57E 
 134      94F0 329B 
 135 0262 0297 EB0D 		.ascii	"\002\227\353\r\037"
 135      1F
 136               		.text
 137               		.section	.gnu.lto__ZN17Adafruit_NeoPixel13setPixelColorEjhhh.part.1.e4fe2295,"",@progbits
 138 0000 789C 9555 		.ascii	"x\234\225U]L\\U\020>s\356\357.,P\332\322\262\374\274 \022\023"
 138      5D4C 5C55 
 138      103E 73EE 
 138      EF2E 2C50 
 138      DAD2 B2FC 
 139 0018 0BFA 6E9A 		.ascii	"\013\372n\23241\304\030S5>\371d\250\245Bl\224lk\365\245\351\245"
 139      3431 C418 
 139      5335 3EF9 
 139      64A8 A542 
 139      6C94 6C6B 
 140 0030 284B 3150 		.ascii	"(K1Pb\322ZS\261%j,\255\264,\264\013\375\301\322.\024\254\210"
 140      62D2 5A53 
 140      B125 6A2C 
 140      ADB4 2CB4 
 140      0BFD C1D2 
 141 0048 9228 016A 		.ascii	"\222(\001j1\232\205\320HT\020\335\256m\305\231\271w\327]V\214"
 141      319A 85D0 
 141      4854 10DD 
 141      AE6D C599 
 141      B977 D75D 
 142 005e 25E1 DC33 		.ascii	"%\341\3343sf\276\231\371f\316YE\244\376U\341\377s\246\020O\343"
 142      7366 BE99 
 142      F966 CE59 
 142      45A4 FE55 
 142      E1FF 73A6 
 143 0075 17DC 025C 		.ascii	"\027\334\002\\-\243\270q\201\344\257\224JC\211\260\334*\255\351"
 143      2DA3 B871 
 143      81E4 AF94 
 143      4A43 89B0 
 143      DC2A ADE9 
 144 0089 0AA8 A4AD 		.ascii	"\n\250\244\2555U\251\261Zg\265\006\206\255\326c\033\003L{c\002"
 144      3555 A9B1 
 144      5A67 B506 
 144      86AD D663 
 144      1B03 4C7B 
 145 009f D046 80D8 		.ascii	"\320F\200\330\347\222\212\252\351\206\t\373\340\226\\\220\020"
 145      E792 8AAA 
 145      E986 09FB 
 145      E096 5C90 
 145      10
 146 00b0 693D 3E2C 		.ascii	"i=>,K\212\337\375\353\374\222\264\032\037\211J!~\223vN\360\t"
 146      4B8A DFFD 
 146      EBFC 92B4 
 146      1A1F 894A 
 146      217E 9376 
 147 00c7 94A0 C5EF 		.ascii	"\224\240\305\357=o\337\223\312\026\020\270?\024h\353\311\230"
 147      3D6F DF93 
 147      CA16 10B8 
 147      3F14 68EB 
 147      C998 
 148 00d9 9351 0959 		.ascii	"\223Q\tY"
 149 00dd 244E BCB3 		.string	"$N\274\263x<\215D)Il\234\357\366\273\213?\264Z\344\211~K\211J\005N\200\202h\320\016^8\t^\
 149      783C 8D44 
 149      2949 6C9C 
 149      EFF6 BB8B 
 149      3FB4 5AE4 
 150 01de 259D 498A 		.string	"%\235I\212,Z\326\320\222\315\225\254\305\255\276\016\210\374\365\270u\345p\006\033(\340FZ
 150      2C5A D6D0 
 150      92CD 95AC 
 150      C5AD BE0E 
 150      88FC F5B8 
 151 02d4 A17B 6CF4 		.string	"\241{l\364\3518zfDf$\242g\261j\005\372\032\324\247\242g\343A\034\275\233\320\263\231A\225
 151      E938 7A66 
 151      4466 24A2 
 151      67B1 6A05 
 151      FA1A D4A7 
 152 0393 3B47 62B6 		.string	";Gb\266r6` \355\032\r.r\333\337\272\347\345X1\030\255ip\356\262^\3768\335m,\r_.:\0230"
 152      7236 6020 
 152      ED1A 0D2E 
 152      72DB DFBA 
 152      E7E5 5831 
 153 03ba E554 E661 		.ascii	"\345T\346a 1\361\222\351\377r\3114\362\034\244\274\340\032VG"
 153      2031 F192 
 153      E9FF 72C9 
 153      34F2 1CA4 
 153      BCE0 1A56 
 154 03cf 4D44 DF3F 		.ascii	"MD\337?\374\363N\327\274\211?\020\036\376\201\b\275w\253\013"
 154      FCF3 4ED7 
 154      BC89 3F10 
 154      1EFE 8108 
 154      BD77 AB0B 
 155 03e3 9201 861C 		.ascii	"\222\001\206\034\276F\016-\375d\356\275\023k\3420\232!\360\347"
 155      BE46 0E2D 
 155      FD64 EEBD 
 155      136B E230 
 155      9A21 F0E7 
 156 03f7 B037 B90D 		.ascii	"\2607\271\r\336\244\374\026\303\223Q\203\363\343\327\264o\254"
 156      DEA4 FC16 
 156      C393 5183 
 156      F3E3 D7B4 
 156      6FAC 
 157 0409 7938 3319 		.ascii	"y83\031\376:\347\367\005\347\227\307\203\250\307\0309\366\177"
 157      FE3A E7F7 
 157      05E7 97C7 
 157      83A8 C718 
 157      39F6 7F
 158 041c 1819 59C1 		.ascii	"\030\031Y\301\310\252\024|\351\204H\242 \377\276j\036\265k\376"
 158      C8AA 147C 
 158      E984 48A2 
 158      20FF BE6A 
 158      1EB5 6BFE 
 159 0430 6A65 CDF9 		.ascii	"je\315\371I\031\254Z\344\327N\023\250H#\341\2661F!c\004F<\001"
 159      4919 AC5A 
 159      E4D7 4E13 
 159      A848 23E1 
 159      B631 4621 
 160 0449 65B5 4A0A 		.ascii	"e\265J\n\235J\306\030\247\200\206\255\020\t\327\346\003C\233"
 160      9D4A C618 
 160      A780 86AD 
 160      1009 D7E6 
 160      0343 9B
 161 045c 3109 7D89 		.ascii	"1\t}\211\007\312d\344i\250\355?\267\007\354\247\232\236u 5\216"
 161      07CA 64E4 
 161      69A8 ED3F 
 161      B707 ECA7 
 161      9A9E 7520 
 162 0472 F7E6 D2D2 		.ascii	"\367\346\322\322\262\252\n\337\366\327+|\225e;\253\267\371*|"
 162      B2AA 0ADF 
 162      F6D7 2B7C 
 162      9565 3BAB 
 162      B7F9 2A7C 
 163 0486 D595 BBCA 		.ascii	"\325\225\273\312\266l\257\330\341{\255z\367\013[+_}\246\372\215"
 163      B66C AFD8 
 163      E17B AD7A 
 163      F70B 5B2B 
 163      5F7D A6FA 
 164 049b CA9D A99A 		.ascii	"\312\235\251\232\322\027kj\204\272\273\252z\027\274\002>x\t\266"
 164      D217 6B6A 
 164      84BA BBAA 
 164      7A17 BC02 
 164      3E78 09B6 
 165 04af 41CD DFDE 		.ascii	"A\315\337\336\267\312\331"
 165      B7CA D9
 166               		.text
 167               		.section	.gnu.lto__ZN17Adafruit_NeoPixel13setPixelColorEjhhh.e4fe2295,"",@progbits
 168 0000 789C 6592 		.ascii	"x\234e\222]H\223Q\030\307\317\3779\357>\235C\272\334EwC\202\334"
 168      5D48 9351 
 168      18C7 CFFF 
 168      39EF 3E9D 
 168      43BA DC45 
 169 0018 A2DB 20F0 		.ascii	"\242\333 \360&\"*\272\355*f\256\034H\311\264\217\033\361]\006"
 169      2622 2ABA 
 169      ED2A 66AE 
 169      1C48 C9B4 
 169      8F1B F15D 
 170 002d 9991 8E20 		.ascii	"\231\221\216 \372\220\225\243\213l\266\324\314}\304.\326\027"
 170      FA90 95A3 
 170      8B6C B6D4 
 170      CC7D C42E 
 170      D617 
 171 003f 898C 4030 		.ascii	"\211\214@0\b\225]\210\203\002\241t\306\030\222\3539g\b\321^\330"
 171      0895 5D88 
 171      8302 A174 
 171      C618 92EB 
 171      3967 08D1 
 172 0055 FBEC 3CE7 		.ascii	"\373\354<\347\371\375\377\347y\316+E\343s\230\177\217H\210S\034"
 172      F9FD FFE7 
 172      79CE 2B45 
 172      E373 987F 
 172      8F48 8853 
 173 006a 6111 A0E8 		.ascii	"a\021\240\350\027!\"v\"\271\344\027\246\323\310\355\027\246K"
 173      1721 2276 
 173      22B9 E417 
 173      A6D3 C8ED 
 173      17A6 4B
 174 007d C250 6918 		.ascii	"\302Pi\030\200\212\002b\200\244\201\001\374\240MB%6>O\255\336"
 174      808A 0262 
 174      80A4 8101 
 174      FCA0 4D42 
 174      2536 3E4F 
 175 0093 07BB D96D 		.ascii	"\007\273\331m2\207\017UY\255Luu<G+W\374N\337\371C\262\035\202"
 175      3287 0F55 
 175      59AD 4C75 
 175      753C 472B 
 175      57FC 4EDF 
 176 00ac FFDF 9F89 		.ascii	"\377\337\237\211\247\335\337\251JhQ\313o\367\266\306\233\324"
 176      A7DD DFA9 
 176      4A68 51CB 
 176      6FF7 B6C6 
 176      9BD4 
 177 00be 9248 2D87 		.ascii	"\222H-\2077fo9\275\317\314(M\344MY%\211\tHV\303\013x\220\200"
 177      3766 6F39 
 177      BDCF CC28 
 177      4DE4 4D59 
 177      2589 0948 
 178 00d8 4770 4A60 		.ascii	"GpJ`\022^\256\215\017\026\2126yL\253\226\222\361\263\214\231"
 178      125E AE8D 
 178      0F16 8A36 
 178      794C AB96 
 178      92F1 B38C 
 179 00ed B4BA C82F 		.ascii	"\264\272\310/T\311\300\313\377AC \251\301\235\237\211\321fy\\"
 179      54C9 C0CB 
 179      FF41 4320 
 179      A9C1 9D9F 
 179      89D1 6679 
 180 0102 83A3 4FE2 		.ascii	"\203\243O\342\311fMn\277\257\223\026\274\252\223\007=8\2408\236"
 180      C966 4D6E 
 180      BFAF 9316 
 180      BCAA 9307 
 180      3D38 A038 
 181 0117 CA94 E696 		.ascii	"\312\224\346\226\306\246\027\fyBs\213\251\215\210Cs\205\217{"
 181      C6A6 170C 
 181      7942 738B 
 181      A98D 8843 
 181      7385 8F7B 
 182 012b DC74 0337 		.ascii	"\334t\0037\243\271\017\237\357\216X\344I\315\255e\236\346\234"
 182      A3B9 0F9F 
 182      EF8E 58E4 
 182      49CD AD65 
 182      9EE6 9C
 183 013e 9A5B FFB4 		.ascii	"\232[\377\264\307\275n\340f\341U\305\2673+Cn\253\201\372<\361"
 183      C7BD 6EE0 
 183      66E1 55C5 
 183      B733 2B43 
 183      6EAB 81FA 
 184 0154 0656 709C 		.ascii	"\006Vp\234\332\2277k5\271\273\366\370\b\234\0045\r\311\030\327"
 184      DA97 376B 
 184      35B9 BBF6 
 184      F808 9C04 
 184      350D C918 
 185 0169 A9FE AC50 		.ascii	"\251\376\254P\247\265Ay\333\241\225\304:\343\352\342J<d\216r"
 185      A7B5 4179 
 185      DBA1 95C4 
 185      3AE3 EAE2 
 185      4A3C 648E 
 186 017e 1937 529B 		.ascii	"\0317R\2335WD\376\353\241\344\331d\016\326\n\251\215\267#\265"
 186      3557 44FE 
 186      EBA1 E4D9 
 186      640E D60A 
 186      A98D B723 
 187 0193 774E 7533 		.ascii	"wNu36\241\316\222\371U.Zc\030\213\264\260\227\275B\204\024OU"
 187      36A1 CE92 
 187      F955 2E5A 
 187      6318 8BB4 
 187      B097 BD42 
 188 01ab EDCC 2F24 		.ascii	"\355\314/$r\216\266I3j\332\253\344@\0321l\351\373G\006m\342+"
 188      728E B649 
 188      336A DAAB 
 188      E440 1A31 
 188      6CE9 FB47 
 189 01c3 6E16 06DD 		.ascii	"n\026\006\335uY\203\225\365wQ\342\270\344\227\253x\310#P\276"
 189      7559 8395 
 189      F577 51E2 
 189      B8E4 97AB 
 189      78C8 2350 
 190 01d8 2C93 5D89 		.ascii	",\223]\211,\273\372w\314!%\343,\023\267\212,\372\005[i\222y["
 190      2CBB FA77 
 190      CC21 25E3 
 190      2C13 B78A 
 190      2CFA 055B 
 191 01f0 8578 AF49 		.ascii	"\205x\257I\013\030\272\223\"\"\371\271\253\250\237]5\n\225f\367"
 191      0B18 BA93 
 191      2222 F9B9 
 191      ABA8 9F5D 
 191      350A 9566 
 192 0205 A33E 9FBF 		.ascii	"\243>\237\277+\020\356\274\026\b\007\375\335\241\216p \034\n"
 192      2B10 EEBC 
 192      1608 07FD 
 192      DDA1 8E70 
 192      201C 0A
 193 0218 F6FA DB3B 		.ascii	"\366\372\333;\003\027\302WB}\347N\007/\237\t]\017v7f|\347{z\204"
 193      0317 C257 
 193      427D E74E 
 193      072F 9F09 
 193      5D0F 7637 
 194 0232 D1D7 15EA 		.ascii	"\321\327\025\352\305%\204q\021\035\177\001\211\n\361\345"
 194      C525 8471 
 194      111D 7F01 
 194      890A F1E5 
 195               		.text
 196               		.section	.gnu.lto__ZN17Adafruit_NeoPixel13setPixelColorEjm.part.2.e4fe2295,"",@progbits
 197 0000 789C 9555 		.string	"x\234\225UkLTW\020>s\316\335{\357.,\017\025\037\250<B\t1\251\332\376oLL\032\3224\215\321\
 197      6B4C 5457 
 197      103E 73CE 
 197      DD7B EF2E 
 197      2C0F 151F 
 198 009f 2902 4489 		.ascii	")\002D\211W*\303cZ6\224\300M\331/a(\270\375\254\314\313\335\034"
 198      572A C363 
 198      5A36 94C0 
 198      4DD9 2F61 
 198      28B8 FDAC 
 199 00b7 3C76 5F39 		.ascii	"<v_9\225\257\204\245\020\367\244\316\t\276\203<\364\030l\\\367"
 199      95AF 84A5 
 199      10F7 A4CE 
 199      09BE 833C 
 199      F418 6C5C 
 200 00cc 44AA B920 		.ascii	"D\252\271 P\337XW\333\230tC\206%\244\320\362\322\206\201\355"
 200      50DF 5857 
 200      DB98 7443 
 200      8625 A4D0 
 200      F2D2 8681 
 201 00e1 09B4 9492 		.ascii	"\t\264\224\222\226\225\267\016\005|\271_;5rG\263\243\302R\301"
 201      9695 B70E 
 201      057C B95F 
 201      3B35 7247 
 201      B3A3 C252 
 202 00f6 0E50 8806 		.ascii	"\016P\210\006;"
 202      3B
 203 00fb 211D 7641 		.string	"!\035vA\272@\223\200\335\220\213\276\265e\035\275\226\312g\324k{k\337\3010G\236\016\241\2
 203      BA40 9380 
 203      DD90 8BBE 
 203      B565 1DBD 
 203      96CA 67D4 
 204 01fc 882D 89BC 		.string	"\210-\211\274\331\212\367\fR=|\214\311\311Z@\r\266\321\354\365\242\360\371H$\220H$\341\34
 204      D98A F70C 
 204      523D 7C8C 
 204      C9C9 5A40 
 204      0DB6 D1EC 
 205 0255 7DD2 4B4F 		.string	"}\322KOu\r\347\225\236]P\326[\336\352\013\276;\272\375\324y1z \b\225N!D\306\203c\344\001\
 205      750D E795 
 205      9E5D 50D6 
 205      5BDE EA0B 
 205      BE3B BAFD 
 206 02fd 2761 A6B8 		.string	"'a\246\270\b\237_VOa\317\367\335haX|\223\301)\367\016\\\303b+\362\220\353\322\336\300u_\3
 206      089F 5F56 
 206      4F61 CFF7 
 206      DD68 6158 
 206      7C93 C129 
 207 03b0 6AAB 8197 		.string	"j\253\201\227\376\f\227P\266\245|\330u\232\202'\242k\264\212\303\224\324\024=tW\374\177\2
 207      FE0C 9750 
 207      B6A5 7CD8 
 207      759A 8227 
 207      A26B B48A 
 208 0422 EB48 53B7 		.ascii	"\353HS\267\320\204\035\360\320\320\"\315\315\367V~8R\027\036"
 208      D084 1DF0 
 208      D0D0 22CD 
 208      CDF7 567E 
 208      3852 171E 
 209 0436 5C75 E6C6 		.ascii	"\\u\346\306\t3\377uz-a\225\370\242\244=\001?B>U\274\001h9\372"
 209      0933 FF75 
 209      7A2D 6195 
 209      F8A2 A43D 
 209      013F 423E 
 210 0450 8299 CFB8 		.ascii	"\202\231\317\270`\026E\266S\212\360\023\026J\375\304\330\007"
 210      6016 45B6 
 210      538A F013 
 210      164A FDC4 
 210      D807 
 211 0462 815B 6E03 		.ascii	"\201[n\003\247\217\376\264&\363\247\265\345\313\233\007!\026"
 211      A78F FEB4 
 211      26F3 A7B5 
 211      E5CB 9B07 
 211      2116 
 212 0474 A0C3 A5AE 		.ascii	"\240\303\245\256c\343\375\277\355U\217G\372y\016\335\020\270"
 212      63E3 FDBF 
 212      ED55 8F47 
 212      FA79 0EDD 
 212      10B8 
 213 0486 1356 C576 		.ascii	"\023V\305vdzL~\003}\227\303\026\347\307\337\204\343\347\253\317"
 213      647A 4C7E 
 213      037D 97C3 
 213      16E7 C7DF 
 213      84E3 E7AB 
 214 049b 26C7 C2FF 		.ascii	"&\307\302\377\314\371\375\302\371e\360L\232#\214\f\376\037F\316"
 214      CCF9 FDC2 
 214      F965 F04C 
 214      9A23 8C0C 
 214      FE1F 46CE 
 215 04af C731 F25C 		.ascii	"\3071\362\\\n~u\217\210\241 \363\205j\376M\327|!\276\346\314"
 215      0A7E 758F 
 215      88A1 20F3 
 215      856A FE4D 
 215      D77C 21BE 
 216 04c5 980C 9E5B 		.ascii	"\230\f\236[\344E\267\tT\2445\352\3421F6c\364\367\370\353\324"
 216      E445 B709 
 216      54A4 35EA 
 216      E231 4636 
 216      63F4 F7F8 
 217 04db F32A C976 		.ascii	"\363*\311v+\t1N\026\315]6\022\356\331\326\3306\007\2230\277i"
 217      2B09 314E 
 217      16CD 5D36 
 217      12EE D9D6 
 217      D836 0793 
 218 04f2 B410 D966 		.ascii	"\264\020\331f\344^X\335\374x%\350\217\f}\221\200\3148\351sf\315"
 218      E45E 58DD 
 218      FC78 25E8 
 218      8F0C 7D91 
 218      80CC 38E9 
 219 0509 9ABD A4A0 		.ascii	"\232\275\244\240x\361\247\005\305\205\263\227\026-,.(.*\\>{\356"
 219      78F1 A705 
 219      C585 B397 
 219      162D 2C2E 
 219      282E 2A5C 
 220 0520 E282 F78B 		.ascii	"\342\202\367\213?)Z\361\336\274\302\217\347\027}V\270t\254e\326"
 220      3F29 5AF1 
 220      DEBC C28F 
 220      E717 7D56 
 220      B874 AC65 
 221 0535 A265 CB84 		.ascii	"\242e\313\204\261bI\321r\370\b\026\3012X\b\037@\361\277\177\t"
 221      B162 49D1 
 221      72F8 0816 
 221      C132 5808 
 221      1F40 F1BF 
 222 054b 39CC      		.ascii	"9\314"
 223               		.text
 224               		.section	.gnu.lto__ZN17Adafruit_NeoPixel13setPixelColorEjm.e4fe2295,"",@progbits
 225 0000 789C 6591 		.ascii	"x\234e\221MHTQ\024\307\357\377\334;\3438\3520\264t\021m\006W"
 225      4D48 5451 
 225      14C7 EFFF 
 225      DC3B E338 
 225      EA30 B474 
 226 0018 CE44 8B36 		.ascii	"\316D\2136A\340&j\023m[\305\244\023\016H\311\323>6\342}\031\346"
 226      41E0 266A 
 226      136D 5BC5 
 226      A413 0E48 
 226      C9D3 3E36 
 227 0030 07C8 1084 		.ascii	"\007\310\020\204\213\030ph\221\371\221M\226ce0A\013\021\251\215"
 227      8B18 7068 
 227      91F9 914D 
 227      9663 6530 
 227      410B 11A9 
 228 0045 4538 3144 		.ascii	"E81D9PPP"
 228      3950 5050 
 229 004d 4E32 BCC4 		.string	"N2\274\304\246s\357\333D>x\357\274s\356\371\377\316\307\225b\377s\204\337\243$\304)\266\b
 229      A673 EFDB 
 229      443E 78EF 
 229      BC73 EEF9 
 229      FFCE C795 
 230 014e AB16 5B2C 		.ascii	"\253\026[,1\313\255\360\"\330\312M\\_\312\277iq\345\277\\\203"
 230      31CB ADF0 
 230      22D8 CA4D 
 230      5C5F CABF 
 230      6971 E5BF 
 231 0164 64F0 2282 		.ascii	"d\360\"\20252\007\317&\352/\303\246\335\006a\352/\377\250\226"
 231      3532 07CF 
 231      26EA 2FC3 
 231      A6DD 0661 
 231      EA2F FFA8 
 232 0179 8359 DC71 		.ascii	"\203Y\334q\243\314\017\325\210\360\230;4'\253k3+\215\355\263"
 232      A3CC 0FD5 
 232      88F0 983B 
 232      3427 AB6B 
 232      332B 8DED 
 233 018e 3AA3 431E 		.ascii	":\243C\0365\342\t\262\330\266w\204%\264\213\267\270\261>\024"
 233      35E2 09B2 
 233      D8B6 7784 
 233      25B4 8BB7 
 233      B8B1 3E14 
 234 01a2 F1B1 8AC9 		.ascii	"\361\261\212\311\366\356*l7\022\362\003\206\243\266,S\236\226"
 234      F6EE 2A6C 
 234      3712 F203 
 234      86A3 B62C 
 234      539E 96
 235 01b5 DCCD E681 		.ascii	"\334\315\346\201]=b(\341*\361t(`@p%+\fx\324d\225\312\216P\206"
 235      5D3D 6228 
 235      E12A F174 
 235      2860 4070 
 235      252B 0C78 
 236 01d0 5BDC BD02 		.ascii	"[\334\275\002\277i3!L\230\313\036\217\307\023\335I\247\353j\322"
 236      BF69 3321 
 236      4C98 CB1E 
 236      8FC7 13DD 
 236      49A7 EB6A 
 237 01e5 4925 7AD2 		.ascii	"I%z\322\347\235\244\223N\365%:\272\222\027\234\313\351\376s\247"
 237      E79D A493 
 237      4EF5 253A 
 237      BA92 179C 
 237      CBE9 FE73 
 238 01fa 5397 CEA4 		.ascii	"S\227\316\244\257\245z\366G\342\235\275\275B\365w\247\373p\021"
 238      AFA5 7AF6 
 238      47E2 9DBD 
 238      BD42 F577 
 238      A7FB 7011 
 239 020e 9D7F 0193 		.ascii	"\235\177\001\223C\326L"
 239      43D6 4C
 240               		.text
 241               		.section	.gnu.lto__ZN17Adafruit_NeoPixel13getPixelColorEj.part.3.e4fe2295,"",@progbits
 242 0000 789C 7D54 		.string	"x\234}T\335O\\U\020?s\316\375\330\357\335Bi\013-\205\206\020bb\301\277\300\244/\306\304D}
 242      DD4F 5C55 
 242      103F 73CE 
 242      FDD8 EFDD 
 242      4269 0B2D 
 243 004e 821F 1841 		.ascii	"\202\037\030A\224nc]\347w\356\205^\272\0337\3319\347\314\314"
 243      946E 635D 
 243      E777 EE85 
 243      5EBA 1B37 
 243      D939 E7CC 
 244 0063 6FE6 3733 		.ascii	"o\34673\347\036%\212\177\317\360?i\t\361\024\257\024\020dw\347"
 244      E71E 258A 
 244      7FCF F03F 
 244      6909 F114 
 244      AF14 1064 
 245 0079 7863 93D4 		.ascii	"xc\223\324\253\224\252\263A8!\0032\242\310\204\266=`llL\262\334"
 245      AB94 AAB3 
 245      4138 2103 
 245      32A2 C884 
 245      B63D 606C 
 246 0091 8D45 848D 		.ascii	"\215E\204\215 q\322\226\3120-:I?\313\025I\231\237\234/\324\222"
 246      2071 D296 
 246      CA30 2D3A 
 246      493F CB15 
 246      4999 9F9C 
 247 00a8 CC4B 512B 		.ascii	"\314KQ+\37088vo\331\300\221\f\034\277<\365\355\355x\303{\216"
 247      F838 3876 
 247      6FD9 C091 
 247      0C1C BF3C 
 247      F5ED ED78 
 248 00bf 23DF CA4D 		.ascii	"#\337\312M\214\250\216\256\307\362R\212?\245\240\367\251\212"
 248      8CA8 8EAE 
 248      C7F2 528A 
 248      3FA5 A0F7 
 248      A98A 
 249 00d1 CE52 1542 		.ascii	"\316R\025B\016P\003\273\3765\366\332}\251\016\020`o\016\367\217"
 249      0E50 03BB 
 249      FE35 F6DA 
 249      7DA9 0E10 
 249      606F 0EF7 
 250 00e6 C574 D004 		.ascii	"\305t\320\004\216\267zV\337\t\353\240\022\307\256\337.w\204\352"
 250      8EB7 7A56 
 250      DF09 EBA0 
 250      12C7 AEDF 
 250      2E77 84EA 
 251 00fa DF75 BAE5 		.ascii	"\337u\272\345\331)G\345\245\242\017H!\3469\2169\3101Y%\350<\325"
 251      D929 47E5 
 251      A5A2 0F48 
 251      21E6 398E 
 251      39C8 3159 
 252 0112 B36F 7FFA 		.ascii	"\263o\177\372\2539[=\241\243.\234\357\177\216a\216\234\237aA"
 252      AB39 5B3D 
 252      A1A3 2E9C 
 252      EF7F 8E61 
 252      8E9C 9F61 
 253 0127 7969 D085 		.ascii	"yi\320\205\207\201\206\240\213T\017\357W\257\334\351\214Y\006"
 253      8781 86A0 
 253      8B54 0FEF 
 253      57AF DCE9 
 253      8C59 06
 254 013a 812D 931C 		.ascii	"\201-\223\034\"\213xa\303\322\327#\337(\365\244\016\331{\365"
 254      228B 7861 
 254      C3D2 D723 
 254      DF28 F5A4 
 254      0ED9 7BF5 
 255 014e F42F 765D 		.ascii	"\364/v]?\207\313\3750m\237v\206\234\200\363O\241@:\370\360\326"
 255      3F87 CBFD 
 255      306D 9F76 
 255      869C 80F3 
 255      4FA1 403A 
 256 0165 E0EE 8F2E 		.ascii	"\340\356\217.Q\335\3052\307)\024\354\305\271\272:\"\344\223Z"
 256      51DD C532 
 256      C729 14EC 
 256      C5B9 BA3A 
 256      22E4 935A 
 257 0179 AD08 A40D 		.ascii	"\255\b\244\rfa\232,\310\302\316fa\005X\330A\354B\020a\030\"\330"
 257      6661 9A2C 
 257      C8C2 CE66 
 257      6105 58D8 
 257      41EC 4210 
 258 0191 4561 8841 		.ascii	"Ea\210A\304\201H\300\260\r\2062\350\312!\266\263\220\0250\354"
 258      C481 48C0 
 258      B00D 8632 
 258      E8CA 21B6 
 258      B390 1530 
 259 01a6 8061 2774 		.ascii	"\200a't\273 *\201@\315\346n\030\366@W\r\261\027\210\032\210Z"
 259      BB20 2A81 
 259      40CD E66E 
 259      18F6 4057 
 259      0DB1 1788 
 260 01bd 887D 1042 		.ascii	"\210}\020B\314\363\037W`^\332X\325\002+\261\316R\2727\223\213"
 260      CCF3 1F57 
 260      605E DA58 
 260      D502 2BB1 
 260      CE52 BA37 
 261 01d3 665B FD3D 		.ascii	"f[\375=C\273\304\226.\322\345\2074\250X\320\b\264\364!Y\353R"
 261      43BB C496 
 261      2ED2 E587 
 261      34A8 58D0 
 261      08B4 F421 
 262 01ea AE4B B4F7 		.ascii	"\256K\264\367\307\334\275Q\302\260\r\036\342(\023\234!\t\007"
 262      C7DC BD51 
 262      C2B0 0D1E 
 262      E228 139C 
 262      2109 07
 263 01fd F8B3 9398 		.ascii	"\370\263\223\230\245S\243\303\313\321\233A\027e0d\374L\341Z\b"
 263      A553 A3C3 
 263      CBD1 9B41 
 263      1765 3064 
 263      FC4C E15A 
 264 0212 9080 CEF0 		.ascii	"\220\200\316\360\307\352\3353\301,\275\335\3568\201\274\f\256"
 264      C7EA DD33 
 264      C12C BDDD 
 264      EE38 81BC 
 264      0CAE 
 265 0224 F305 1943 		.ascii	"\363\005\031C\377\331tiv%\035\331\177\316\321\026\223\256P\226"
 265      FFD9 7469 
 265      7625 1DD9 
 265      7FCE D116 
 265      93AE 5096 
 266 0238 56A5 1ECB 		.ascii	"V\245\036\313U\332\317\241\323=\226\033\326\344Tzj\254\353\363"
 266      55DA CFA1 
 266      D33D 961B 
 266      D6E4 547A 
 266      6AAC EBF3 
 267 024c 74C8 C616 		.ascii	"t\310\306\0260\370;\344\252l\177v\263D\366\020\303h\034\331i"
 267      30F8 3BE4 
 267      AA6C 7F76 
 267      B344 F610 
 267      C368 1CD9 
 268 0261 8293 013B 		.ascii	"\202\223\001;\327q\335t\321\001\016\240\353YY\216\256(W\027\374"
 268      D771 DD74 
 268      D101 0EA0 
 268      EB59 598E 
 268      AE28 5717 
 269 0276 FF02 325D 		.ascii	"\377\0022]\027\356\333\\@7,a\372H\027@(`\322-\340\256G6\344\206"
 269      17EE DB5C 
 269      4037 2C61 
 269      FA48 1740 
 269      2860 D22D 
 270 0290 9A1C 1898 		.ascii	"\232\034\030\230\215\203\034\337^\372\230\203|G\257\334N\377"
 270      8D83 1CDF 
 270      5EFA 9883 
 270      7C47 AFDC 
 270      4EFF 
 271 02a2 6A65 87C8 		.ascii	"je\207\310\363c\247\233\363K\323\272\002\314\342\023\357\252"
 271      F363 A79B 
 271      F34B D3BA 
 271      02CC E213 
 271      EFAA 
 272 02b4 2EF0 47D4 		.ascii	".\360G\324\331\200\361\366e\026\243\331^\317?\254\233 \375M\210"
 272      D980 F1F6 
 272      6516 A3D9 
 272      5ECF 3FAC 
 272      9B20 FD4D 
 273 02c9 94AA 3AEC 		.ascii	"\224\252:\354U=\265Y\365\232\341\272G\031\001\246\337{Lc\254"
 273      553D B559 
 273      F59A E1BA 
 273      4719 01A6 
 273      DF7B 4C63 
 274 02de E208 7D53 		.ascii	"\342\b}SoL\004@\"\302\257\3245\267\363=\231\337\037d\216c$\217"
 274      6F4C 0440 
 274      22C2 AFD4 
 274      35B7 F33D 
 274      99DF 1F64 
 275 02f6 6C99 4842 		.ascii	"l\231HB\223\211\373\311l+E&\341\221\371\264\210L\031#\374d\312"
 275      9389 FBC9 
 275      6C2B 4526 
 275      E191 F9B4 
 275      884C 1923 
 276 030d 59E5 7F80 		.ascii	"Y\345\177\200\"\tA\323.\231\265\314Lt\263m\3335\357r\335'c\263"
 276      2209 41D3 
 276      2E99 B5CC 
 276      4C74 B36D 
 276      DB35 EF72 
 277 0325 4FFF 3E60 		.ascii	"O\377>`[Q\334\247\035\245\250Ux\324\256\027Q\333\311\b?\265]"
 277      5B51 DCA7 
 277      1DA5 A855 
 277      78D4 AE17 
 277      51DB C908 
 278 033c ACDA E0D2 		.ascii	"\254\332\340\322\223\371,\266\231\252\262\2701U:{\245?\373\356"
 278      93F9 2CB6 
 278      99AA B2B8 
 278      3155 3A7B 
 278      A53F FBEE 
 279 0350 52D9 ABBC 		.ascii	"R\331\253\274\3547\212\262\357a\204?{5\2536\306\262\245\023{"
 279      EC37 8AB2 
 279      EF61 843F 
 279      7B35 AB36 
 279      C6B2 A513 
 280 0365 35B3 6ADD 		.ascii	"5\263j\335\ts\343EX\003\277q\317\243V\337\364\032!\026\251\206"
 280      0973 E345 
 280      5803 BF71 
 280      CFA3 56DF 
 280      F41A 2116 
 281 037b 3BA7 0627 		.ascii	";\247\006':\036e\234\001\204\245\021s\324\236\020\353\374\322"
 281      3A1E 659C 
 281      0184 A511 
 281      73D4 9E10 
 281      EBFC D2
 282 038e B0CB 3E06 		.ascii	"\260\313>\006\230\257O~\336\310/\r\301\312\337\347\343\215\215"
 282      98AF 4F7E 
 282      DEC8 2F0D 
 282      C1CA DFE7 
 282      E38D 8D
 283 03a1 4D87 9B53 		.ascii	"M\207\233S\007\2177\247Z\232\216$_H5\247\222-mM\007\0166\037"
 283      078F 37A7 
 283      5A9A 8E24 
 283      5F48 35A7 
 283      922D 6D4D 
 284 03b9 4ABD 9C3C 		.ascii	"J\275\234<\366\374\323-G\237M\236h9R\254i|\261\265U\030\307\016"
 284      F6FC D32D 
 284      479F 4D9E 
 284      6839 52AC 
 284      697C B1B5 
 285 03d1 27DB E825 		.ascii	"'\333\350%u\364P\333\177j\2744\215"
 285      75F4 50DB 
 285      7F6A BC34 
 285      8D
 286               		.text
 287               		.section	.gnu.lto__ZN17Adafruit_NeoPixel13getPixelColorEj.e4fe2295,"",@progbits
 288 0000 789C 6551 		.ascii	"x\234eQMh\023Q\020~\337\274\227M\032\333\030<\346 ^BOM\304\203"
 288      4D68 1351 
 288      107E DFBC 
 288      974D 1ADB 
 288      183C E620 
 289 001a 1741 E845 		.ascii	"\027A\350Eo\342\325\223D\033i\240hI+z)}i\325\264\025$\b\342A"
 289      6FE2 D593 
 289      441B 69A0 
 289      6849 2B7A 
 289      297D 69D5 
 290 0034 0A06 116B 		.ascii	"\n\006\021k\177\254\261\265\251\032\245\336\244\226\036\244\212"
 290      7FAC B1B5 
 290      A91A A5DE 
 290      A496 1EA4 
 290      8A
 291 0045 B612 041B 		.ascii	"\266\022\004\033Q\210\240\r\022\266\"qf{\251v\341\355\354|o\276"
 291      5188 A00D 
 291      12B6 2271 
 291      667B A976 
 291      E1ED EC7C 
 292 005b EF9B 99D5 		.ascii	"\357\233\231\325j\347s\200\317AR\352(G\370\024(\267\254T&@\244"
 292      6AE7 7380 
 292      CF41 52EA 
 292      2847 F814 
 292      28B7 AC54 
 293 0072 57E2 CA06 		.ascii	"W\342\312\006Mi\257\262\315\032F`\030@\242\202\352'm\320\217"
 293      4D69 AFB2 
 293      CD1A 4660 
 293      1840 A282 
 293      EA27 6DD0 
 294 0087 6FF4 9370 		.ascii	"o\364\223p\345\223]\324_\311%\265Oq:Y\334\374n$\205\221\364\365"
 294      E593 5DD4 
 294      5FC9 25B5 
 294      4F71 3A59 
 294      DCFC 6E24 
 295 009f C09B 0FBB 		.ascii	"\300\233\017\273[\357ZK7\227\237\315\352\354\310~\227H\325H\341"
 295      5BEF 5A4B 
 295      3797 9FCD 
 295      EAEC C87E 
 295      9748 D548 
 296 00b4 1E22 1843 		.ascii	"\036\"\030CD\364\356\243\225K\177\025\257\376!\335"
 296      44F4 EEA3 
 296      954B 7F15 
 296      AFFE 21DD 
 297 00c4 0EA1 DD28 		.string	"\016\241\335(\344\213!O4,\351\373\353\033\267wy\242$\351Hu&\033\214\336\2619\032[\260\332
 297      E48B 214F 
 297      342C E9FB 
 297      EB1B B777 
 297      79A2 24E9 
 298 01c5 4CD7 D8DE 		.ascii	"L\327\330\3361\273\243\210\b\225\236g[x\035\020\nc\207c\261x"
 298      31BB A388 
 298      0895 9E67 
 298      5B78 1D10 
 298      0A63 8763 
 299 01db 6722 DD71 		.ascii	"g\"\335q!\221N\306\273R\247\322\211t*\331\023o\357H\234I\237"
 299      2191 4EC6 
 299      BB52 A7D2 
 299      8974 2AD9 
 299      136F EF48 
 300 01f2 4FF5 9E3C 		.ascii	"O\365\236<\226<w<u1\331\265\023\211\235\356\356V\246\2673\325"
 300      963C 773C 
 300      7531 D9B5 
 300      1389 9DEE 
 300      EE56 A6B7 
 301 0208 83B3 7F01 		.ascii	"\203\263\177\001:\214\324\177"
 301      3A8C D47F 
 302               		.text
 303               		.section	.gnu.lto__ZN17Adafruit_NeoPixelC2Ejhh.e4fe2295,"",@progbits
 304 0000 789C 9D55 		.string	"x\234\235UkL\\U\020>s\356\335eY\226\335\345\331\262$PCHcl\251\304\304\177\230\324\037\306
 304      6B4C 5C55 
 304      103E 73EE 
 304      DD65 5996 
 304      DDE5 D9B2 
 305 0094 B147 2A2A 		.string	"\261G**\354\201I9#a\276\274\342\234\334\030\177`0\267E\276\354\223B\314I\215\034\252a#\25
 305      EC81 4939 
 305      2361 BEBC 
 305      E29C DC18 
 305      7F60 30B7 
 306 014a D543 3C3D 		.string	"\325C<=\371nS\177\241\335\254\202\246\n\034\0033\ba\306\205\301\301\201\256"
 306      F96E 537F 
 306      A1DD AC82 
 306      A60A 1C03 
 306      3308 61C6 
 307 0164 E519 A61B 		.string	"\345\031\246\033\177\347`\236%\256\022\371n\177X\005#\236\"\217cq1\200vq\374\376]\350\302
 307      7FE7 609E 
 307      25AE 12F9 
 307      6E7F 5805 
 307      239E 228F 
 308 01d8 B507 762A 		.ascii	"\265\007v*\326\332\214\2250[\200\352g\005*H0:\244\035/\001\016"
 308      D6DA 8C95 
 308      305B 80EA 
 308      6705 2A48 
 308      303A A41D 
 309 01ef DE90 9393 		.ascii	"\336\220\223\223\f\241\307B\351\022\206\027K8\353\033\301*E\362"
 309      0CA1 C742 
 309      E912 8617 
 309      4B38 EB1B 
 309      C12A 45F2 
 310 0203 FD3A 7407 		.ascii	"\375:t\007F\021\314\305"
 310      4611 CCC5 
 311 020b F945 73CC 		.string	"\371Es\314\030t\340\350\214b]i*\306\260\207\361_\351\203\\\357L\265U5\326\236\312\216\211
 311      1874 E0E8 
 311      8C62 5D69 
 311      2AC6 B087 
 311      F15F E983 
 312 030c D9D0 A1EF 		.string	"\331\320\241\357\243\343Bw\205\272D"
 312      A3E3 4277 
 312      85BA 4400 
 313 0318 1770 1F18 		.string	"\027p\037\030\257\023\2621\036\347\034\240\005s`<\321\013\222,\312\016=\242\037r5\033!/\3
 313      AF13 B231 
 313      1EE7 1CA0 
 313      0573 603C 
 313      D10B 922C 
 314 03ea 9EF0 2ECC 		.string	"\236\360.\314\230\030<\250\203\217\036\251\270c&\360\020\201#qe\230\301#%\276&S\354~0T\34
 314      9818 3CA8 
 314      838F 1EA9 
 314      B863 26F0 
 314      1081 2371 
 315 04e5 0535 77BC 		.ascii	"\0055w\274*\277\233\204\177J\353\347\250\336\360\007\247\024"
 315      2ABF 9B84 
 315      7F4A EBE7 
 315      A8DE F007 
 315      A714 
 316 04f7 0371 2E4E 		.ascii	"\003q.N,\212\321*\277l\207 \247\345\224I{\275\322\253\030\310"
 316      2C8A D12A 
 316      BF6C 8720 
 316      A7E5 9449 
 316      7BBD D2AB 
 317 050d 8B98 2712 		.ascii	"\213\230'\022\022\266\354Hv\247\274\225\354N\335\222\236\366"
 317      12B6 EC48 
 317      76A7 BC95 
 317      EC4E DD92 
 317      9EF6 
 318 051f 8A3B D99D 		.ascii	"\212;\331\235\226\232\271ekJ\362k\356]iY\333\237M\335\371\\\332"
 318      969A B965 
 318      6B4A F26B 
 318      EE5D 6959 
 318      DB9F 4DDD 
 319 0536 DBA9 E90F 		.ascii	"\333\251\351\017z\022^\315\310\020j\326\216\264Lx\0232 \313\262"
 319      7A12 5ECD 
 319      C810 6AD6 
 319      8EB4 4C78 
 319      1332 20CB 
 320 054b 7D7B 724A 		.ascii	"}{rJ\212;\361q\274q\247f\356J\317\262\245g\274\261!\376\321M"
 320      8A3B F171 
 320      BC71 A766 
 320      EE4A CFB2 
 320      A567 BCB1 
 321 0563 1B5E B406 		.ascii	"\033^\264\006\n%\311-\344n\341b\337Vr>b\rd\343\311\245'v\013"
 321      0A25 C92D 
 321      E46E E162 
 321      DF56 723E 
 321      620D 64E3 
 322 057c 9928 FE01 		.ascii	"\231(\376\001\264\314\216\375"
 322      B4CC 8EFD 
 323               		.text
 324               		.section	.gnu.lto__ZN17Adafruit_NeoPixel5beginEv.e4fe2295,"",@progbits
 325 0000 789C 9590 		.string	"x\234\225\220\317K\033Q\020\307\347;/\233lR\t\322c\356\301\223\311\177P\360\320k\361?\220
 325      CF4B 1B51 
 325      10C7 E73B 
 325      2F9B 6C52 
 325      09D2 63EE 
 326 0061 D153 3961 		.ascii	"\321S9a\b\\\334#\362m\006\364B\240a\3060N\371\202qU\232\335\341"
 326      085C DC23 
 326      F26D 06F4 
 326      42A0 61C6 
 326      304E F982 
 327 007a 96F4 F4F5 		.ascii	"\226\364\364\365[\337\036i\n\230\250\306\241\t\346\320\"\202"
 327      5BDF 1E69 
 327      0A98 A8C6 
 327      A109 E6D0 
 327      2282 
 328 008c CBF5 891B 		.ascii	"\313\365\211\0336m \271O\225\337\255'\177s\300h\326\360\307\233"
 328      366D 20B9 
 328      4F95 DFAD 
 328      277F 73C0 
 328      68D6 F0C7 
 329 00a1 EAEC 230D 		.ascii	"\352\354#\r\2315\034?[\031M\244\337{"
 329      9935 1C3F 
 329      5B19 4DA4 
 329      DF7B 
 330 00af 459E AF78 		.string	"E\236\257x&`\203y\030q\303\007\244\260\200\024I\212\260\210\264\212_o\034\216%\243\021\20
 330      2660 8379 
 330      1871 C307 
 330      A4B0 8014 
 330      498A B088 
 331 01b0 6FB5 C4D9 		.ascii	"o\265\304\331"
 332               		.text
 333               		.section	.gnu.lto__ZN17Adafruit_NeoPixel5ColorEhhh.e4fe2295,"",@progbits
 334 0000 789C 6590 		.ascii	"x\234e\220[KTQ\024\307\327\177\355s\216g\0065\363)\346\245^\006"
 334      5B4B 5451 
 334      14C7 D77F 
 334      ED73 8E67 
 334      0635 F329 
 335 0018 0962 E61B 		.ascii	"\tb\346\033\004\022\371(~\002c\314\311\006\004\345T\324\2333"
 335      0412 F928 
 335      7E02 63CC 
 335      C906 04E5 
 335      54D4 9B33 
 336 002c 0A96 9097 		.ascii	"\n\226\220\227\027Q\b3\211\310\373\355!\r}\020\244\"\213 \221"
 336      1751 0833 
 336      89C8 FBED 
 336      210D 7D10 
 336      A422 8B20 
 337 0041 2013 8930 		.ascii	" \023\2110(0B\032\030&\037l\255}&\020f\303^{\255\305\377\267"
 337      2830 421A 
 337      1826 1F6C 
 337      AD7D 2610 
 337      66C3 5E7B 
 338 0059 D7C5 50F9 		.ascii	"\327\305P\371\211\311=\317D\r\362\302\020x\350\003Q\316g@\035"
 338      89C9 3DCF 
 338      440D F2C2 
 338      1078 E803 
 338      51CE 6740 
 339 006e 0275 31BA 		.ascii	"\002u1\272\360\223\217\030\275_\263[\346\007\027\231.\220\204"
 339      F093 8F18 
 339      BD5F B35B 
 339      E607 1799 
 339      2E90 84
 340 0081 B32B 7F7F 		.ascii	"\263+\177\1779\032\302\321\360]\367\366\3473u\317\262Y\036y\273"
 340      391A C2D1 
 340      F05D F7F6 
 340      E733 75CF 
 340      B259 1E79 
 341 0096 36E9 1C3D 		.ascii	"6\351\034=\311yEf\372\303\204\347\210a\022Z\tS\250\023\355\361"
 341      C979 4566 
 341      FAC3 84E7 
 341      8861 125A 
 341      0953 A813 
 342 00ac EFE9 C12A 		.ascii	"\357\351\301*S\017\345\006\037O\314U\305\237\n\267\367J\f\212"
 342      530F E506 
 342      1F4F CC55 
 342      C59F 0AB7 
 342      F74A 0C8A 
 343 00c0 6C30 0DA3 		.ascii	"l0\r\243\334\245\030.\306H\022\204\031\304E\273\363hq\3131W,"
 343      DCA5 182E 
 343      C648 1284 
 343      19C4 45BB 
 343      F368 71CB 
 344 00d7 F7F1 C561 		.ascii	"\367\361\305a.b\271\374\353\377\334l\0317g\271\3157\375\003\256"
 344      2E62 B9FC 
 344      EBFF DC6C 
 344      1937 67B9 
 344      CD37 FD03 
 345 00ec B96A B96F 		.ascii	"\271j\271o\253\343\353Q\313\275\037\365\317)5_F- \256\322\276"
 345      ABE3 EB51 
 345      CBBD 1FF5 
 345      CF29 355F 
 345      462D 20AE 
 346 0102 D52F 0FAA 		.ascii	"\325/\017\252=\007:\204\364\276\b\017\362.\324ndON\314\362\303"
 346      3D07 3A84 
 346      F4BE 080F 
 346      F22E D46E 
 346      644F 4ECC 
 347 0118 F597 E66C 		.ascii	"\365\227\346l%\240\275\261p\216Q\343@k\272\352zj*\324\370\320"
 347      25A0 BDB1 
 347      708E 51E3 
 347      406B BAEA 
 347      7A6A 2AD4 
 348 012e 2F23 EA46 		.ascii	"/#\352FI\267B\007ru\301\337%\220\327\354\242{\377\376\247\312"
 348      49B7 4207 
 348      7275 C1DF 
 348      2590 D7EC 
 348      A27B FFFE 
 349 0144 B166 AD52 		.ascii	"\261f\255R`.0h\027={^\030\033IIC\303K\023+\325\272r\267\206\260"
 349      602E 3068 
 349      173D 7B5E 
 349      181B 4949 
 349      43C3 4B13 
 350 015f 241B B5D8 		.ascii	"$\033\265\330\241\033\212\334\002;\247!M\t4\272\321\277\346["
 350      A11B 8ADC 
 350      023B A721 
 350      4D09 34BA 
 350      D1BF E65B 
 351 0173 C827 2C5B 		.ascii	"\310',[\250'\337\2337\241\250\302~\356\205?\035\224\310H\201"
 351      A827 DF9B 
 351      37A1 A8C2 
 351      7EEE 853F 
 351      1D94 C848 
 352 0188 FD92 AC94 		.ascii	"\375\222\254\224\211Ze\204\366e\3360A:\004\264y\031\345r\"\221"
 352      895A 6584 
 352      F665 DE30 
 352      413A 04B4 
 352      7919 E572 
 353 019e BC99 0A5A 		.ascii	"\274\231\nZ\357\246\202t\262=\323\022\244\202L\372V\262\2765"
 353      EFA6 8274 
 353      B23D D312 
 353      A482 4CFA 
 353      56B2 BE35 
 354 01b2 7523 B893 		.ascii	"u#\270\223\271}\2551\335\321\224\271\227n/\317$\256wv\022\002"
 354      B97D AD31 
 354      DDD1 94B9 
 354      976E 2FCF 
 354      24AE 7776 
 355 01c8 B4A1 E51F 		.ascii	"\264\241\345\037\324\332\305D"
 355      D4DA C544 
 356               		.text
 357               		.section	.gnu.lto__ZN17Adafruit_NeoPixel9numPixelsEv.e4fe2295,"",@progbits
 358 0000 789C 654F 		.ascii	"x\234eO\317+\204a\020\236g\336\317\327Z\221\034\367.\247\335"
 358      CF2B 8461 
 358      109E 67DE 
 358      CFD7 5A91 
 358      1CF7 2EA7 
 359 0015 7573 50CA 		.ascii	"usP\312\301U\376\003-"
 359      C155 FE03 
 359      2D
 360 001e BBF2 95B2 		.string	"\273\362\225\262}K\334\366[%\277J\233\222\203\266l\302\372\235\024\033\016\334\344\340,\2
 360      7D4B DCF6 
 360      5B25 BF4A 
 360      9B92 83B6 
 360      6CC2 FA9D 
 361 011f BF9A A4B6 		.ascii	"\277\232\244\266P;\351\266\205B\341\376\210\033\035\211\270\261"
 361      503B E9B6 
 361      8542 E1FE 
 361      881B 1D89 
 361      B8B1 
 362 0131 F080 D3E3 		.ascii	"\360\200\323\343F\\'\226\b\267G#}\356\2603\324\335\031\033\354"
 362      465C 2796 
 362      08B7 4723 
 362      7DEE B033 
 362      D4DD 191B 
 363 0146 7246 6303 		.ascii	"rFc\003\377+\241\336x\234\254\241~'\361\003\323a\201\301"
 363      FF2B A1DE 
 363      789C ACA1 
 363      7E27 F103 
 363      D361 81C1 
 364               		.text
 365               		.section	.gnu.lto__ZN17Adafruit_NeoPixel13setBrightnessEh.e4fe2295,"",@progbits
 366 0000 789C 9555 		.ascii	"x\234\225U]LTG\024\2363\263{\357\335\273\313\202\177\250X\343"
 366      5D4C 5447 
 366      149E 33B3 
 366      7BEF DDBB 
 366      CB82 7FA8 
 367 0016 83A5 C6C4 		.ascii	"\203\245\306\304\237>4M\237L\354C\323\247\246O\215\017M\032\324"
 367      9F3E 344D 
 367      9F4C EC43 
 367      D3A7 A64F 
 367      8D0F 4D1A 
 368 002b 6DDD 8628 		.ascii	"m\335\206(]hl|\250\027AV\255\022$-5-\254\020\037\240\376T\324"
 368      5D68 6C7C 
 368      A817 4156 
 368      AD12 242D 
 368      352D AC10 
 369 0044 1628 4ABB 		.ascii	"\026(J\273\210\212\177\365\007\205\"*\265\262\032%\306\b\376"
 369      888A 7FF5 
 369      0785 222A 
 369      B5B2 1A25 
 369      C608 FE
 370 0057 505A 647B 		.ascii	"PZd{\316\231+\256\2256-\t\2633g\276\363\235\357\23493W\211\347"
 370      CE99 2BAE 
 370      9536 2D09 
 370      B333 67BE 
 370      F39D EF9C 
 371 0070 FFCA F07F 		.ascii	"\377\312\360\177\253%\304G\370\013\001\001\262\354\214\020\205"
 371      AB25 C447 
 371      F80B 0101 
 371      B2EC 8C10 
 371      85
 372 0081 9694 EAC4 		.ascii	"\226\224\352\304\"\341\330\376\366t\341\004\22447\314\301\225"
 372      22E1 D8FE 
 372      F674 E104 
 372      9434 37CC 
 372      C195 
 373 0093 87C6 8047 		.ascii	"\207\306\200Gz\357M\301\225Q\375\032\256\274`j\027\343\311\304"
 373      7AEF 4DC1 
 373      9551 FD1A 
 373      AEBC 606A 
 373      17E3 C9C4 
 374 00a7 049F 9E58 		.ascii	"\004\237\236Xz\322j\371\244\265\271]\240\213]l\242\213\r~\r\360"
 374      7AD2 6AF9 
 374      A4B5 B95D 
 374      A08B 5D6C 
 374      A28B 0D7E 
 375 00bd 03D0 4480 		.ascii	"\003\320D\200X+\225\307k\230\226\317\366\303Z\351\323\332n\313"
 375      582B 95C7 
 375      6B98 96CF 
 375      F6C3 5AE9 
 375      D3DA 6ECB 
 376 00d1 0109 4355 		.ascii	"\001\tCU\325\307\345\234\354/K[\252\225\263\351\345a)\304}\251"
 376      D5C7 E59C 
 376      EC2F 4B5B 
 376      AA95 B3E9 
 376      E561 29C4 
 377 00e7 F7A1 16E6 		.ascii	"\367\241\026\346 \342a\343g\217\245Z\f\002\347_\354\253i\f\336"
 377      20E2 61E3 
 377      678F A55A 
 377      0C02 E75F 
 377      ECAB 690C 
 378 00fc 92C3 1232 		.ascii	"\222\303\0222h\331]>X\355\247\245\224\264\334t\347@\324\316\336"
 378      68D9 5D3E 
 378      58ED A7A5 
 378      94B4 DC74 
 378      E740 D4CE 
 379 0111 E194 C9BA 		.ascii	"\341\224\311\272\270\243\206\245\202:P\310\006\337@\026\354\204"
 379      B8A3 86A5 
 379      823A 50C8 
 379      06DF 4016 
 379      EC84 
 380 0123 2C81 2601 		.ascii	",\201&\001\273 \033\261m\355[J\275\352\rf\275\336\264\375\020"
 380      BB20 1BB1 
 380      6DED 5B4A 
 380      BDEA 0D66 
 380      BDDE B4FD 
 381 0138 F939 72E4 		.ascii	"\3719r\344(\0160,=\260[{\316\313\202\271\344\347\021\260\007"
 381      280E 302C 
 381      3DB0 5B7B 
 381      CECB 82B9 
 381      E4E7 11B0 
 382 014d B209 BCB1 		.ascii	"\262\t\274\261\351\362\206\240\341\001-\023\276\005\003\2040"
 382      E9F2 86A0 
 382      E101 2D13 
 382      BE05 0384 
 382      30
 383 015e 70A3 BE2B 		.ascii	"p\243\276+\351Uo2\341\356\253\203#jv\rr\335\275\335g\024;\365"
 383      E955 6F32 
 383      E1EE AB83 
 383      236A 760D 
 383      72DD BDDD 
 384 0176 8EE5 8C24 		.ascii	"\216\345\214$\223\300\314{S\231\335L\353a6\272\225^\276\376\320"
 384      93C0 CC7B 
 384      5399 DD4C 
 384      EB61 36BA 
 384      955E BEFE 
 385 018b 50EF 3045 		.ascii	"P\3570E\355\375\353\233\201)\216\365\267\231\177\243\3307"
 385      EDFD EB9B 
 385      8129 8EF5 
 385      B799 7FA3 
 385      D837 
 386 019d 0EC5 7EA6 		.string	"\016\305~\246\270|\252\247\302TK\230b\177\361\347-A\2468\331\277\003\2569eNz2i\016K/\034x
 386      B87C AAA7 
 386      C254 4B98 
 386      627F F1E7 
 386      2D41 A638 
 387 029e 8447 90E8 		.string	"\204G\220\350\201u\r\373\316\006[\275\251]J"
 387      8175 0DFB 
 387      CE06 5BBD 
 387      A95D 4A00 
 388 02ae E469 211E 		.string	"\344i!\036\0337\232K\223\2556\221\330\202\352\333t\357~\257Q\005_\027Rv\376!\351\203\037\
 388      1B37 9A4B 
 388      93AD 3691 
 388      D882 EADB 
 388      74EF 7EAF 
 389 03a3 8FEC 5893 		.ascii	"\217\354X\223\233w\206n\210\242+\256\363\0044a\230m\361-\007"
 389      9B77 866E 
 389      88A2 2BAE 
 389      F304 3461 
 389      986D F12D 
 390 03b8 2D0A 13B0 		.ascii	"-\n\023\260\004\034G\215\\\257\213.h\"\342\020\264\347\302\340"
 390      041C 478D 
 390      5CAF 8B2E 
 390      6822 E210 
 390      B4E7 C2E0 
 391 03cc 46CE C460 		.ascii	"F\316\304`-'\030\206\364#.l\322\023\375%\017,7\334dv\236\364"
 391      2D27 1886 
 391      F423 2E6C 
 391      D213 FD25 
 391      0F2C 37DC 
 392 03e4 ACBC C92C 		.ascii	"\254\274\311,\317\244\226\350\202u\031B[%\202\326\305\177]3/"
 392      CFA4 96E8 
 392      8275 1942 
 392      5B25 82D6 
 392      C57F 5D33 
 393 03f9 B53B E866 		.ascii	"\265;\350f\220#V\372$\2727\363;0\326\252d>E\005\275\211\3648"
 393      9023 56FA 
 393      24BA 37F3 
 393      3B30 D6AA 
 393      643E 4505 
 394 0411 51A7 3BDB 		.ascii	"Q\247;\333_\302\364\275W:\243\257b\034\343Ng\264\0350\226%\360"
 394      5FC2 F4BD 
 394      573A A3AF 
 394      621C E34E 
 394      67B4 1D30 
 395 0428 3B44 B578 		.ascii	";D\265x\264\351\230?\266\204\270\206df*\225\227[\352\336\340"
 395      B4E9 983F 
 395      B684 B886 
 395      6466 2A95 
 395      975B EADE 
 396 043d EFA5 3E6C 		.ascii	"\357\245>l6\240\227}H\002\234&v\370\031[\213S \r\373Il&\345\271"
 396      36A0 977D 
 396      4802 9C26 
 396      76F8 195B 
 396      8B53 200D 
 397 0457 ADE4 8C3F 		.ascii	"\255\344\214?V\006\232m*\301\347f\215\301\270\357\246\352\002"
 397      5606 9A6D 
 397      2AC1 E766 
 397      8DC1 B8EF 
 397      A6EA 02
 398 046a 5D91 1A33 		.ascii	"]\221\0323\315u\2540\364z:\233$\231zK\022J\033\361\200\247\273"
 398      CD75 AC30 
 398      F47A 3A9B 
 398      2499 7A4B 
 398      124A 1BF1 
 399 0481 4780 877C 		.ascii	"G\200\207|\304\243\2553p\203,\345\034\356\237\245\236A\251\210"
 399      C4A3 AD33 
 399      7083 2CE5 
 399      1CEE 9FA5 
 399      9E41 A988 
 400 0495 D6E7 376A 		.ascii	"\326\3477jc\337\262\373\314!\251R_\n\3746\301Yx\252\266\231\324"
 400      63DF B2FB 
 400      CC21 A952 
 400      5F0A FC36 
 400      C159 78AA 
 401 04ac CEE4 73F1 		.ascii	"\316\344s\361\t\3746\273\007\303f%\364\2023\002~Mj^\320\264S"
 401      09FC 36BB 
 401      07C3 6625 
 401      F482 3302 
 401      7E4D 6A5E 
 402 04c3 FEF5 821E 		.ascii	"\376\365\202\036?\271\363\220\017/h\031]\32048\307\027\224?\216"
 402      3FB9 F390 
 402      0F2F 6819 
 402      5DD0 3438 
 402      C717 943F 
 403 04d8 E7F5 4B71 		.ascii	"\347\365Kq\272(S\363(\244\242[q\023P\274\337\254\354\214\316"
 403      BA28 53F3 
 403      28A4 A25B 
 403      7113 50BC 
 403      DFAC EC8C 
 404 04ed C2E2 5995 		.ascii	"\302\342Y\225\277D_\274\t\212\216\326\034\351\214f\242Dk\tJ\264"
 404      BF44 5FBC 
 404      098A 8ED6 
 404      1CE9 8C66 
 404      A244 6B09 
 405 0503 DDD7 A47C 		.ascii	"\335\327\244|\340jp\300\244\376\370?/V\307\323\027\353\002\314"
 405      E06A 70C0 
 405      A4FE F83F 
 405      2F56 C7D3 
 405      17EB 02CC 
 406 0517 A7FB 4069 		.ascii	"\247\373@i\373\351\325\355\205\302\370\237k@\277\261\364$\003"
 406      FBE9 D5ED 
 406      85C2 F89F 
 406      6B40 BFB1 
 406      F424 03
 407 052a 5A11 BA68 		.ascii	"Z\021\272h\301\202\205+r\"\313W\347DB\013s\303K#9\221p(\177\341"
 407      C182 852B 
 407      7222 CB57 
 407      E744 420B 
 407      73C3 4B23 
 408 0544 E2E5 39EF 		.ascii	"\342\3459\357G>\016\027\274\367Vh\325\333\341OB\271\317[\026"
 408      473E 0E17 
 408      BCF7 5668 
 408      D5DB E14F 
 408      42B9 CF5B 
 409 0559 2CCB CB13 		.ascii	",\313\313\023\236\202\025\341|X\232\2662\264\372\365H\370\203"
 409      9E82 15E1 
 409      7C58 9AB6 
 409      32B4 FAF5 
 409      48F8 83
 410 056c 1505 2B43 		.ascii	"\025\005+C\371\371\260L\345\025D\322V\345.\177j\363\346/\313"
 410      F9F9 B04C 
 410      E515 44D2 
 410      56E5 2E7F 
 410      6AF3 E62F 
 411 0581 C90D 41F8 		.ascii	"\311\rA\370/k*\366\006"
 411      2F6B 2AF6 
 411      06
 412               		.text
 413               		.section	.gnu.lto_.symbol_nodes.e4fe2295,"",@progbits
 414 0000 789C 5590 		.string	"x\234U\220\273NBA\024E\327\314p\341\242^\005\324\316\304/\360\033\367-\210\255\376\200\21
 414      BB4E 4241 
 414      1445 D7CC 
 414      70E1 A25E 
 414      05D4 CEC4 
 415 0029 5F8D B1B2 		.string	"_\215\261\262&\016^L\346L\263g\257\254s\212\023\200SG\365\374\033\202\375!H\356\240\227\3
 415      260E 5E4C 
 415      E64C B367 
 415      AFAC 738A 
 415      1380 5347 
 416 004c 0E8F 2378 		.ascii	"\016\217#xG\336\030\327(\030\343\003\325\214q\2032c|\242\272"
 416      47DE 18D7 
 416      2818 E303 
 416      D58C 7183 
 416      3263 7CA2 
 417 0061 31EE 50C3 		.ascii	"1\356P\303\030\027(OA\366\b-\221=\341\346\361\214\217\341/Q\363"
 417      1817 284F 
 417      41F6 082D 
 417      913D E1E6 
 417      F18C 8FE1 
 418 0078 DFDA 2D9B 		.ascii	"\337\332-\233\370\021Z2{n\321\262\001\367h\305\200\007T\244\300"
 418      F811 5A32 
 418      7B6E D1B2 
 418      01F7 68C5 
 418      8007 54A4 
 419 008d BDA2 D50A 		.ascii	"\275\242\325\nP\226\261\217\321Z\332_P+\355S\324N\373\004u\222"
 419      5096 B18F 
 419      D15A DA5F 
 419      502B ED53 
 419      D44E FB04 
 420 00a3 1E68 3338 		.ascii	"\036h38\372\332\376\373\364\317\276w\b\361\332\323\223\037\027"
 420      FADA FEFB 
 420      F4CF BE77 
 420      08F1 DAD3 
 420      931F 17
 421 00b6 828F 3974 		.ascii	"\202\2179t!\253U\331\250W\231\257\323\337\233O\344\035\272\243"
 421      21AB 55D9 
 421      A857 99AF 
 421      D3DF 9B4F 
 421      E41D BAA3 
 422 00ca F32D 42B1 		.ascii	"\363-B\261\311`<s\241\330\240;\2319~\001\337\262yx"
 422      C960 3C73 
 422      A1D8 A03B 
 422      9939 7E01 
 422      DFB2 7978 
 423               		.text
 424               		.section	.gnu.lto_.refs.e4fe2295,"",@progbits
 425 0000 789C 6366 		.string	"x\234cf``\020d\200"
 425      6060 1064 
 425      8000 
 426 000a 660E 264E 		.string	"f\016&N\016&.~&nqF\036f\016\006\006"
 426      0E26 2E7E 
 426      266E 7146 
 426      1E66 0E06 
 426      0600 
 427 001c 0661 00   		.string	"\006a"
 428 001f 8A        		.ascii	"\212"
 429               		.text
 430               		.section	.gnu.lto_.decls.e4fe2295,"",@progbits
 431 0000 789C A559 		.string	"x\234\245Y\013TT\311\231\356\272\3254t\323\200\2173\216a\223\025\035\217k2\263*\316$\231\
 431      0B54 54C9 
 431      99EE BAD5 
 431      3474 D380 
 431      8F33 8E61 
 432 00ca 29EC 3E64 		.string	")\354>d\235\331\202\036\242K\013\026\b\030=\330\032\260 \260\271\320\367\261\240\257\006,
 432      9DD9 821E 
 432      A24B 0B16 
 432      0818 3DD8 
 432      1AB0 20B0 
 433 00ea 5B0A D602 		.string	"[\n\326\002\355[`U`\021\320.\022|)\006\373V\360\355\317D;|7\203\335\006\273\006v\035\354\
 433      ED5B 6055 
 433      6011 D02E 
 433      127C 2906 
 433      FB56 F0ED 
 434 01d8 7315 3491 		.ascii	"s\0254\221\275d\025|&\276\213\373\t\013\232V\ng\301\253\366\377"
 434      BD64 157C 
 434      26BE 8BFB 
 434      090B 9A56 
 434      0A67 C1AB 
 435 01ee 1C21 268E 		.ascii	"\034!&\216\332g)\354k\304\202\230/\377!\304\304*\2543G8c~\357"
 435      DA67 29EC 
 435      6BC4 8298 
 435      2FFF 21C4 
 435      C42A AC33 
 436 0207 242E 0B84 		.ascii	"$.\013\204}/\217\267X\213+\004\f\022p\216\237\267\005?\305\271"
 436      7D2F 8FB7 
 436      588B 2B04 
 436      0C12 708E 
 436      9FB7 053F 
 437 021d C705 5DF2 		.ascii	"\307\005]\362\270\211\271A\002\336\361C\316Cg\373[\334\333\204"
 437      B889 B941 
 437      02DE F143 
 437      CE43 67FB 
 437      5BDC DB84 
 438 0231 93F8 3953 		.ascii	"\223\3709Sa\237\377\025\002\277|O\334\026\326\361u"
 438      619F FF15 
 438      02BF 7C4F 
 438      DC16 D6F1 
 438      75
 439 0242 B24E 1F87 		.string	"\262N\037\207\266\345\355)\364\354\344\220\247f\032i6n\351\337\355\016M\255\206#\315G\265
 439      B6E5 ED29 
 439      F4EC E490 
 439      A766 1A69 
 439      366E E9DF 
 440 0343 1F29 29AB 		.string	"\037))\253\366\304\376t\352\246\315\233c1\376#}>\331\\\312\0134\226\213\257r\025\260\031m
 440      F6C4 FE74 
 440      EAA6 CD9B 
 440      6331 FE23 
 440      7D3E D95C 
 441 041b 879A D27B 		.ascii	"\207\232\322{<\360.\266\240\355\312\216,\216.\350A\305li\250"
 441      3CF0 2EB6 
 441      A0ED CA8E 
 441      2C8E 2EE8 
 441      41C5 6C69 
 442 0430 52E2 7D6C 		.ascii	"R\342}l\254\340N\375\023\025\035#^{6\265\226\344z\241y\363\346"
 442      ACE0 4EFD 
 442      1315 1D23 
 442      5E7B 36B5 
 442      96E4 7AA1 
 443 0447 2D98 9786 		.ascii	"-\230\227\206\0243g\322\247y\273\371\304e\017\217\215\275Q\316"
 443      1433 67D2 
 443      A779 BBF9 
 443      C465 0F8F 
 443      8DBD 51CE 
 444 045b 2FC1 A818 		.ascii	"/\301\250\030\226<\013\261\270\205f\212R\317\321\325\177B\016"
 444      963C 0BB1 
 444      B885 668A 
 444      52CF D1D5 
 444      7F42 0E
 445 046e F6DD 3CBF 		.ascii	"\366\335<\277\354vj<J\235M\352\021\225\n"
 445      EC76 6A3C 
 445      4A9D 4DEA 
 445      1195 0A
 446 047d 40A9 B0CA 		.string	"@\251\260\312\344\320\304e\245\251\026\002%\234\347\3559/\214\003\367\361>O\007\371i\263\
 446      E4D0 C465 
 446      A5A9 1602 
 446      259C E7ED 
 446      392F 8C03 
 447 057e D0ED ED97 		.string	"\320\355\355\227\240^\272\330V\210\251+j\366\360\311\344K\226\fT%\252b,K\206m6W\240\200i\
 447      A05E BAD8 
 447      5688 A92B 
 447      6AF6 F0C9 
 447      E44B 960C 
 448 063e 099D 897A 		.ascii	"\t\235\211ze\236\365\212\236\365M\321\263~g\236\r8\363l\320\231"
 448      659E F58A 
 448      9EF5 4DD1 
 448      B37E 679E 
 448      0D38 F36C 
 449 0654 67DF BDC6 		.ascii	"g\337\275\306\263g\324\263!\231g=\035q]^8\013\263\337\236\376"
 449      B367 D4B3 
 449      2199 673D 
 449      1D71 5D5E 
 449      380B B3DF 
 450 066a DDA7 3D70 		.ascii	"\335\247=p.kT\236i\356Q9d\016\346\243a\231\177\317E\377F\250"
 450      2E6B 549E 
 450      69EE 5139 
 450      640E E6A3 
 450      6199 7FCF 
 451 0682 7FE5 71F5 		.ascii	"\177\345q\365\267\230\302*\311\277\374\252\3026NR\375\202\t,"
 451      B798 C22A 
 451      C9BF FCAA 
 451      C236 4E52 
 451      FD82 092C 
 452 0696 B144 C57A 		.ascii	"\261D\305zJ\252_\n\235\3517\362]\234\251\036\243\252Ge\252\013"
 452      4AAA 5F0A 
 452      9DE9 37F2 
 452      5D9C A91E 
 452      A3AA 4765 
 453 06ac AF55 C469 		.ascii	"\257U\304i\361\035&\264{\350f\022b\371\270\345\220\017\230\211"
 453      F11D 26B4 
 453      7BE8 6612 
 453      62F9 B8E5 
 453      900F 9889 
 454 06c0 6C32 BD36 		.ascii	"l2\2756Q/\317MMo$\347Do\024\367j\275\3539\2427\232\033\327\233"
 454      512F CF4D 
 454      4D6F 24E7 
 454      446F 14F7 
 454      6ABD EB39 
 455 06da 71E1 7214 		.ascii	"q\341r\024\2077*\251\336\324\275\353O{9\004\026\246\330\0056"
 455      8737 2AA9 
 455      DED4 BDEB 
 455      4F7B 3904 
 455      16A6 D805 
 456 06ef 8613 84C6 		.ascii	"\206\023\204\306R\241\215w\372!\265\242(&\364H\253\265}\\S\034"
 456      52A1 8D77 
 456      FA21 B5A2 
 456      2826 F448 
 456      ABB5 7D5C 
 457 0705 D3B4 A97C 		.ascii	"\323\264\251|c\275Z\322D\274\022Em\240\242,2Q\267+[\206\335q"
 457      63BD 5AD2 
 457      44BC 1245 
 457      6DA0 A22C 
 457      3251 B72B 
 458 071d 0113 75A5 		.ascii	"\001\023u\245\261\341M\032\303\241\2462\351\330\230Nf\241xn\\"
 458      B1E1 4D1A 
 458      C3A1 A632 
 458      E9D8 984E 
 458      66A1 786E 
 459 0732 57BC A86B 		.ascii	"W\274\250k\343\024u%\274N\327f\252k\223L\327\203\341$\310S\033"
 459      E314 7525 
 459      BC4E D766 
 459      AA6B 934C 
 459      D783 E124 
 460 0749 D395 9E90 		.ascii	"\323\225\236\220\035\311\341>\326\270\260\243\257Mi\0279\013"
 460      1DC9 E13E 
 460      D6B8 B0A3 
 460      AF4D 6917 
 460      390B 
 461 075b D001 03FA 		.ascii	"\320\001\003\372F\2461Q\324\230\304Mm\323ma\032{\3122\353\265"
 461      46A6 3151 
 461      D498 C44D 
 461      6DD3 6D61 
 461      1A7B CA32 
 462 0771 9233 5B59 		.ascii	"\2223[YgE\276\245\324E\362&\231u6_,\263ag\231\337N\235\331&\317"
 462      6745 BEA5 
 462      D445 F226 
 462      9975 365F 
 462      2CB3 6167 
 463 078c 7CEE B901 		.ascii	"|\356\271\0015Ns\241\372wmy\360S|\200=[G\023j\231/\035\311\232"
 463      354E 73A1 
 463      FA77 6D79 
 463      F053 7C80 
 463      3D5B 4713 
 464 07a6 54BE CEE6 		.ascii	"T\276\316\346e\303d>J\221\271\222*\272\222F]\311\213i\177\246"
 464      65C3 643E 
 464      4A91 B992 
 464      2ABA 9246 
 464      5DC9 8B69 
 465 07bc C665 8C20 		.ascii	"\306e\214 \251\256\260V\213\353X\243\263~\344\350\3701[\007"
 465      A9AE B056 
 465      8BEB 58A3 
 465      B37E E4E8 
 465      F831 5B07 
 466 07d0 91A1 6250 		.ascii	"\221\241bP\272\214l\207H\226A\311\006\312oec\374\204\315O\270"
 466      BA8C 6C87 
 466      4896 41C9 
 466      06CA 6F65 
 466      63FC 84CD 
 467 07e6 12B9 100F 		.ascii	"\022\271\020\017\260\347\242\372}\tZ\312\325\374\020\224\225"
 467      B0E7 A2FA 
 467      7D09 5ACA 
 467      D5FC 1094 
 467      95
 468 07f7 5065 E4CC 		.ascii	"Pe\344\314\336)#\313\024\311vM1\310\2739''\333\036\326\371\344"
 468      DE29 23CB 
 468      14C9 764D 
 468      31C8 BB39 
 468      2727 DB1E 
 469 080e 5953 A4FB 		.ascii	"YS\244\373\233o8\251\216\275\334\233\360o\026\247d\277\224\255"
 469      9B6F 38A9 
 469      8EBD DC9B 
 469      F06F 16A7 
 469      64BF 94AD 
 470 0822 3B3A 1EAA 		.ascii	";:\036\252\361\026\025\373\2359S8\342\205SY#\276wk.9\255r\227"
 470      F116 15FB 
 470      9D39 5338 
 470      E285 5359 
 470      23BE 776B 
 471 083b 5C25 05CC 		.ascii	"\\%\005\314\323\002\246\363\321>\231\354\375\242\354\003\334"
 471      D302 A6F3 
 471      D13E 99EC 
 471      FDA2 EC03 
 471      DC
 472 084c 643F 7BA7 		.ascii	"d?{\247{\022.h\244\344\036\227\2119H\263\233-\313\3567y[c\334"
 472      7B12 2E68 
 472      A4E4 1E97 
 472      8939 48B3 
 472      9B2D CBEE 
 473 0865 F169 26C1 		.ascii	"\361i&\301\322\2623E\211\313X\243\3306P\200h\020\373\233\367"
 473      D2B2 3345 
 473      89CB 58A3 
 473      D836 5080 
 473      6810 FB9B 
 474 087a 2276 26FD 		.ascii	"\"v&\375\032\021\ntH\246\347\260\250\347\310\244a,\211{8\354"
 474      1A11 0A74 
 474      48A6 E7B0 
 474      A8E7 C8A4 
 474      612C 897B 
 475 0890 2169 3CCA 		.ascii	"!i<\312\"V~y0\332\351o\363q\252\361\230Lc\364\206\306K\bw0Y\251"
 475      2256 7E79 
 475      30DA E96F 
 475      F371 AAF1 
 475      984C 63F4 
 476 08ac DBEF A7A8 		.ascii	"\333\357\247\250\360 k<\261\224\216\271P\215C\235eo\360\t|\013"
 476      F020 6B3C 
 476      B194 8EB9 
 476      508D 439D 
 476      656F F009 
 477 08c2 A641 030E 		.ascii	"\246A\003\016\224#\023\231+\212\314\243\"\253\233\242\342\334"
 477      9423 1399 
 477      2B8A CCA3 
 477      22AB 9BA2 
 477      E2DC 
 478 08d4 A46C CD1D 		.ascii	"\244l\315\035\217\317\t\232\254\317\204\\\265\324\305\246\253"
 478      8FCF 099A 
 478      ACCF 845C 
 478      B5D4 C5A6 
 478      AB
 479 08e5 7186 2B5D 		.ascii	"q\206+]\252tca\236+,\365\371\275\307e_\357\212\347\375\370^X"
 479      AA74 6361 
 479      9E2B 2CF5 
 479      F9BD C765 
 479      5FEF 8AE7 
 480 08fd 0A91 2928 		.ascii	"\n\221)(\237\223\376\030&\317l\251\002\272Tn{\364\327\270\222"
 480      9F93 FE18 
 480      26CF 6CA9 
 480      02BA 546E 
 480      7BF4 D7B8 
 481 0912 5124 DDB1 		.ascii	"Q$\335\261d\250q-k\264D_\377\3179\r\256;y7\272\326\330\256\303"
 481      64A8 712D 
 481      6BB4 445F 
 481      FFCF 390D 
 481      AE3B 7937 
 482 092b 57D9 D62D 		.ascii	"W\331\326-\344\346\320\236\347\226\313\201\320\201N\001y\021"
 482      E4E6 D09E 
 482      E796 CB81 
 482      D081 4E01 
 482      7911 
 483 093d 291F E85B 		.ascii	")\037\350[\237\222w\223\240\320IX\005\235f\221\334\022\327\002"
 483      9F92 7793 
 483      A0D0 4958 
 483      059D 6691 
 483      DC12 D702 
 484 0951 CD5B 9496 		.ascii	"\315[\224\226\313)|\236\341%\276\362:\276R\237\343\034^'\347"
 484      CB29 7C9E 
 484      E125 BEF2 
 484      3ABE 529F 
 484      E31C 5E27 
 485 0966 57BE 8C7E 		.ascii	"W\276\214~\204rx\036\202}\226\323\240bn\302\27399\316\232\017"
 485      8472 781E 
 485      827D 96D3 
 485      A062 6EC2 
 485      BB39 39CE 
 486 097c B223 9240 		.ascii	"\262#\222@XJ[\254gF]i\337\nxe`:\254\311\345\353\031\356\023-"
 486      584A 5BAC 
 486      6746 5D69 
 486      DF0A 7865 
 486      603A ACC9 
 487 0996 BAC0 FA0E 		.ascii	"\272\300\372\016>\353\177\211\244HC?\2154:C\262{\221\006\273"
 487      3EEB 7F89 
 487      A448 433F 
 487      8D34 3A43 
 487      B27B 9106 
 488 09ab 44DC 19D6 		.ascii	"D\334\031\326\316D\210N\226[$O\337\023\255\005\311)Z|\310\215"
 488      CE44 884E 
 488      965B 244F 
 488      DF13 AD05 
 488      C929 5A7C 
 489 09c1 06AB BFBD 		.ascii	"\006\253\277\2753\321\r\347\261\306\361\344\270ARb\250\234\206"
 489      33D1 0DE7 
 489      B1C6 F1E4 
 489      B841 5262 
 489      A89C 86
 490 09d4 9A14 FCED 		.ascii	"\232\024\374\355\364\002w\322SF\302R\301\226N\253\351\247\365"
 490      F402 77D2 
 490      5346 C252 
 490      C196 4EAB 
 490      E9A7 F5
 491 09e7 DB32 EDD9 		.ascii	"\3332\355\331\346\007C(\223\244\254\017R\346{\227#K\243R\321"
 491      E607 4328 
 491      93A4 AC0F 
 491      52E6 7B97 
 491      234B A352 
 492 09fc 5774 89A8 		.ascii	"Wt\211\250)\025\363VI\363\346\304\347\321\256\326*\355\004_\310"
 492      2915 F356 
 492      49F3 E6C4 
 492      E7D1 AED6 
 492      2AED 045F 
 493 0a11 4F2F 75E4 		.ascii	"O/u\344\262\350\310Xad\237\006w\213\216\334K\036\370\216T?\252"
 493      B2E8 C858 
 493      6164 9F06 
 493      778B 8EDC 
 493      4B1E F88E 
 494 0a28 16E5 166F 		.ascii	"\026\345\026o\313\314S\211\016\240+\302~\330S\266\023K>|\313"
 494      CBCC 5389 
 494      0EA0 2BC2 
 494      7ED8 53B6 
 494      134B 3E7C 
 495 0a3d 3ADB AE6C 		.ascii	":\333\256l\210TS\037\256d\306\024r1%\271\274\033\034\013\225"
 495      8854 531F 
 495      AE64 C614 
 495      7231 25B9 
 495      BC1B 1C0B 
 496 0a52 88A4 97AC 		.ascii	"\210\244\227\254KH\005/j\210\027\325\242\027W\247x\250\325\262"
 496      4B48 052F 
 496      6A88 17D5 
 496      A217 57A7 
 496      78A8 D5B2 
 497 0a66 85AE B69F 		.ascii	"\205\256\266\237\310\366\220|\223\355\306z\352[\235\350[Lc\352"
 497      C8F6 907C 
 497      93ED C67A 
 497      EA5B 9DE8 
 497      5B4C 63EA 
 498 0a7a 2125 DEAF 		.ascii	"!%\336\257\246\211\350H\351\330\255f[\242m\335M\336\242\342m"
 498      A689 E848 
 498      E9D8 AD66 
 498      5BA2 6DDD 
 498      4DDE A2E2 
 499 0a8f B6BF D129 		.ascii	"\266\277\321)\310*\333\021VQ\3235\252\251\254\373b\265\032\237"
 499      C82A DB11 
 499      5651 D335 
 499      AAA9 ACFB 
 499      62B5 1A9F 
 500 0aa3 6014 5989 		.ascii	"`\024Y\211\227xL(\372w\306\363H<\252\t\303u\031\303u\221\341"
 500      9778 4C28 
 500      FA77 C6F3 
 500      483C AA09 
 500      C375 19C3 
 501 0aba 06F3 2A61 		.ascii	"\006\363*a\3777\3563\246\361Q$\b\302-\r\272\311\315\220\n6\353"
 501      FF37 EE33 
 501      A6F1 5124 
 501      08C2 2D0D 
 501      BAC9 CD90 
 502 0ad1 E8A6 668D 		.ascii	"\350\246f\215\004\200\227\253\t\210\272\372\013\027T\370\214"
 502      0480 97AB 
 502      0988 BAFA 
 502      0B17 54F8 
 502      8C
 503 0ae2 5AC8 51F6 		.ascii	"Z\310Q\366\213\354Ple\222\266\215\354\251\244\305tK\314\327h"
 503      8BEC 506C 
 503      6592 B68D 
 503      ECA9 A4C5 
 503      744B CCD7 
 504 0af7 5A49 ADE6 		.ascii	"ZI\255\346\255=\374\347c\207^*\023\265\340$j\340f\240F)\364\267"
 504      AD3D FCE7 
 504      6387 5E2A 
 504      13B5 E024 
 504      6AE0 66A0 
 505 0b0f 49E8 1B99 		.ascii	"I\350\033\231Ht\207{\013\346\034k\270_\246\022$\374I\330L\250"
 505      4874 877B 
 505      0BE6 1C6B 
 505      B85F A612 
 505      24FC 49D8 
 506 0b25 49A6 A024 		.ascii	"I\246\240$kw\252\247\004(B\023\021\217j\322:\\p\263\250q\242"
 506      6B77 AAA7 
 506      0428 4213 
 506      118F 6AD2 
 506      3A5C 70B3 
 507 0b3c AE73 0595 		.ascii	"\256s\005\225)Z\242\353\351\2411A\327]\320\325,\351\272Gt5\013"
 507      295A A2EB 
 507      E9A1 3141 
 507      D75D D0D5 
 507      2CE9 BA47 
 508 0b53 BA5A A8AE 		.ascii	"\272Z\250\256\201\242\363\311^\270or\322\212\321\3024\025!\275"
 508      81A2 F3C9 
 508      5EB8 6F72 
 508      D28A D1C2 
 508      3415 21BD 
 509 0b67 7A58 EEEC 		.ascii	"zX\356\354}\211\264\225\220\336\027H\333(\351\326\235c\307U\302"
 509      7D89 B495 
 509      90DE 1748 
 509      DB28 E9D6 
 509      9D63 C755 
 510 0b7c 7B62 C9A4 		.ascii	"{b\311\244\357\211\250\235#7c\374\336\236\235j\341\242\345\225"
 510      EF89 A89D 
 510      2337 63FC 
 510      DE9E 9D6A 
 510      E1A2 E595 
 511 0b90 5772 E801 		.ascii	"Wr\350\001G\256\335j\370\341RO\371K(t\313\310;8F\336A\311\267"
 511      47AE DD6A 
 511      F8E1 524F 
 511      F94B 2874 
 511      CBC8 3B38 
 512 0ba9 3CE6 1B35 		.ascii	"<\346\0335\214\374\365\367\211\017\t?\256H\217\353\362D\032o"
 512      8CFC F5F7 
 512      890F 093F 
 512      AE48 8FEB 
 512      F244 1A6F 
 513 0bbd 6F37 A8FE 		.ascii	"o7\250\376\331d\212X\373\235\034\201wq\336\250\233\363V\244\362"
 513      D964 8A58 
 513      FB9D 1C81 
 513      7771 DEA8 
 513      9BF3 56A4 
 514 0bd2 6E96 511B 		.ascii	"n\226Q\033\324\347CDG\240\r\245J\236\310?\260v}\322\361K\234"
 514      D4E7 4344 
 514      47A0 0DA5 
 514      4A9E C83F 
 514      B076 7DD2 
 515 0be9 DDFD 2094 		.ascii	"\335\375 \224\361\270\320G\202\320GT\350H\374\2362\017\274IC"
 515      F1B8 D047 
 515      82D0 4754 
 515      E848 FC9E 
 515      320F BC49 
 516 0bfe 4A4E B9BD 		.ascii	"JN\271\275\373E"
 516      FB45 
 517 0c04 823B F25E 		.string	"\202;\362^\340\255\221/\322\013\324\363\033\252]x\013G\236\321ca\027\260\017[\236`\334\35
 517      E0AD 912F 
 517      D20B D4F3 
 517      1BAA 5D78 
 517      0B47 9ED1 
 518 0d05 1EA3 E0E1 		.string	"\036\243\340\341\276\315\247\355j\235\234\021\343`\233"
 518      BECD A7ED 
 518      6A9D 9C11 
 518      E360 9B00 
 519 0d15 B651 70FC 		.string	"\266Qp\374\275\r\327\275hI\315\246\267\017\271G_\260\273c\362\277\004(/\247\254\302\323yr
 519      BD0D D7BD 
 519      6849 CDA6 
 519      B70F B947 
 519      5FB0 BB63 
 520 0d71 B951 9B6E 		.string	"\271Q\233nw-Ve\267\321c\005p,\005'e\364m\300r\360E;p\234"
 520      772D 5665 
 520      B7D1 6305 
 520      702C 0527 
 520      65F4 6DC0 
 521 0d8c 8EA3 E0E2 		.ascii	"\216\243\340\342\227\203\373\355\262[o\007\266\b`\362\355\026"
 521      9783 FBED 
 521      B25B 6F07 
 521      B608 60F2 
 521      ED16 
 522 0d9e 6108 35FB 		.ascii	"a\b5\373\376Lgv\373h\345\247>\037\276\375\266\342\335\200\177"
 522      FE4C 6776 
 522      FB68 E5A7 
 522      3E1F BEFD 
 522      B6E2 DD80 
 523 0db3 5BAD F737 		.ascii	"[\255\3677\232"
 523      9A
 524 0db8 FD43 8C01 		.string	"\375C\214\001_\204|E\237W\233\215\306\220\360\325~_\232\250\031B\003B\"\002\365\253\303\3
 524      5F84 7C45 
 524      9F57 9B8D 
 524      C690 F0D5 
 524      7E5F 9AA8 
 525 0eb9 B3D1 E4F3 		.string	"\263\321\344\363C\347\223>\\J\034\005d\200qm\330\253\221\276\004\351\342\257\0172\204\376
 525      43E7 933E 
 525      5C4A 1C05 
 525      6480 716D 
 525      D8AB 91BE 
 526 0ee0 9F49 404C 		.string	"\237I@L\035DW\r\345L\273\302\3479\207\376B\002,\377\222\344p\231T\354\223\206\300\016\265
 526      1D44 570D 
 526      E54C BBC2 
 526      E739 87FE 
 526      4202 2CFF 
 527 0f0c A309 0A92 		.string	"\243\t\n\222\354H\335\373\213?0\005\302\2061\222\355\027j\f\r\215\b\tq]\023\352\023\036\2
 527      EC48 DDFB 
 527      8B3F 3005 
 527      C286 3192 
 527      ED17 6A0C 
 528 0f4d B56A AD7E 		.ascii	"\265j\255~-\b\203\025\314\301&\343:e\210\336o\315\367:!L\206"
 528      2D08 8315 
 528      CCC1 26E3 
 528      3A65 88DE 
 528      6FCD F73A 
 529 0f64 D020 CAE3 		.ascii	"\320 \312\343\027\002\360\357w\270\200>\230\252\r4\004\031\314"
 529      1702 F0EF 
 529      77B8 803E 
 529      98AA 0D34 
 529      0419 CC
 530 0f77 7E21 7F30 		.ascii	"~!\1770\031\314zz\032\030\003\365o\n\235:h\353\314F\0359)t\253"
 530      19CC 7A7A 
 530      1A18 03F5 
 530      6F0A 9D3A 
 530      68EB CC46 
 531 0f90 3EFA 9DBB 		.ascii	">\372\235\273N\027f2\006\201j\235n\006\355\204"
 531      4E17 6632 
 531      0681 6A9D 
 531      6E06 ED84 
 532 0fa0 4163 8439 		.string	"Ac\2049,\202\016\377\223\3034\177\310\300Z8\\\310\2302"
 532      2C82 0EFF 
 532      93C3 347F 
 532      C8C0 5A38 
 532      5CC8 9832 
 533 0fb5 E2EC FE4B 		.ascii	"\342\354\376K\377\bC\210\371_\r\241\277R\374?l\272\206\372"
 533      FF08 4388 
 533      F95F 0DA1 
 533      BF52 FC3F 
 533      6CBA 86FA 
 534               		.text
 535               		.section	.gnu.lto_.symtab.e4fe2295,"",@progbits
 536 0000 5F5A 4E31 		.string	"_ZN17Adafruit_NeoPixel4showEv"
 536      3741 6461 
 536      6672 7569 
 536      745F 4E65 
 536      6F50 6978 
 537 001e 00        		.string	""
 538 001f 00        		.string	""
 539 0020 00        		.string	""
 540 0021 00        		.string	""
 541 0022 00        		.string	""
 542 0023 00        		.string	""
 543 0024 00        		.string	""
 544 0025 00        		.string	""
 545 0026 00        		.string	""
 546 0027 00        		.string	""
 547 0028 00        		.string	""
 548 0029 E900      		.string	"\351"
 549 002b 00        		.string	""
 550 002c 00        		.string	""
 551 002d 5F5A 4E31 		.string	"_ZN17Adafruit_NeoPixel13setPixelColorEjhhh"
 551      3741 6461 
 551      6672 7569 
 551      745F 4E65 
 551      6F50 6978 
 552 0058 00        		.string	""
 553 0059 00        		.string	""
 554 005a 00        		.string	""
 555 005b 00        		.string	""
 556 005c 00        		.string	""
 557 005d 00        		.string	""
 558 005e 00        		.string	""
 559 005f 00        		.string	""
 560 0060 00        		.string	""
 561 0061 00        		.string	""
 562 0062 00        		.string	""
 563 0063 FA00      		.string	"\372"
 564 0065 00        		.string	""
 565 0066 00        		.string	""
 566 0067 5F5A 4E31 		.string	"_ZN17Adafruit_NeoPixel13setPixelColorEjm"
 566      3741 6461 
 566      6672 7569 
 566      745F 4E65 
 566      6F50 6978 
 567 0090 00        		.string	""
 568 0091 00        		.string	""
 569 0092 00        		.string	""
 570 0093 00        		.string	""
 571 0094 00        		.string	""
 572 0095 00        		.string	""
 573 0096 00        		.string	""
 574 0097 00        		.string	""
 575 0098 00        		.string	""
 576 0099 00        		.string	""
 577 009a 00        		.string	""
 578 009b 0601 00   		.string	"\006\001"
 579 009e 00        		.string	""
 580 009f 5F5A 4E31 		.string	"_ZN17Adafruit_NeoPixel13getPixelColorEj"
 580      3741 6461 
 580      6672 7569 
 580      745F 4E65 
 580      6F50 6978 
 581 00c7 00        		.string	""
 582 00c8 00        		.string	""
 583 00c9 00        		.string	""
 584 00ca 00        		.string	""
 585 00cb 00        		.string	""
 586 00cc 00        		.string	""
 587 00cd 00        		.string	""
 588 00ce 00        		.string	""
 589 00cf 00        		.string	""
 590 00d0 00        		.string	""
 591 00d1 00        		.string	""
 592 00d2 1101 00   		.string	"\021\001"
 593 00d5 00        		.string	""
 594 00d6 5F5A 4E31 		.string	"_ZN17Adafruit_NeoPixelC2Ejhh"
 594      3741 6461 
 594      6672 7569 
 594      745F 4E65 
 594      6F50 6978 
 595 00f3 00        		.string	""
 596 00f4 00        		.string	""
 597 00f5 00        		.string	""
 598 00f6 00        		.string	""
 599 00f7 00        		.string	""
 600 00f8 00        		.string	""
 601 00f9 00        		.string	""
 602 00fa 00        		.string	""
 603 00fb 00        		.string	""
 604 00fc 00        		.string	""
 605 00fd 00        		.string	""
 606 00fe 1901 00   		.string	"\031\001"
 607 0101 00        		.string	""
 608 0102 5F5A 4E31 		.string	"_ZN17Adafruit_NeoPixelC1Ejhh"
 608      3741 6461 
 608      6672 7569 
 608      745F 4E65 
 608      6F50 6978 
 609 011f 00        		.string	""
 610 0120 00        		.string	""
 611 0121 00        		.string	""
 612 0122 00        		.string	""
 613 0123 00        		.string	""
 614 0124 00        		.string	""
 615 0125 00        		.string	""
 616 0126 00        		.string	""
 617 0127 00        		.string	""
 618 0128 00        		.string	""
 619 0129 00        		.string	""
 620 012a 1C01 00   		.string	"\034\001"
 621 012d 00        		.string	""
 622 012e 5F5A 4E31 		.string	"_ZN17Adafruit_NeoPixel5beginEv"
 622      3741 6461 
 622      6672 7569 
 622      745F 4E65 
 622      6F50 6978 
 623 014d 00        		.string	""
 624 014e 00        		.string	""
 625 014f 00        		.string	""
 626 0150 00        		.string	""
 627 0151 00        		.string	""
 628 0152 00        		.string	""
 629 0153 00        		.string	""
 630 0154 00        		.string	""
 631 0155 00        		.string	""
 632 0156 00        		.string	""
 633 0157 00        		.string	""
 634 0158 1F01 00   		.string	"\037\001"
 635 015b 00        		.string	""
 636 015c 5F5A 4E31 		.string	"_ZN17Adafruit_NeoPixel5ColorEhhh"
 636      3741 6461 
 636      6672 7569 
 636      745F 4E65 
 636      6F50 6978 
 637 017d 00        		.string	""
 638 017e 00        		.string	""
 639 017f 00        		.string	""
 640 0180 00        		.string	""
 641 0181 00        		.string	""
 642 0182 00        		.string	""
 643 0183 00        		.string	""
 644 0184 00        		.string	""
 645 0185 00        		.string	""
 646 0186 00        		.string	""
 647 0187 00        		.string	""
 648 0188 2601 00   		.string	"&\001"
 649 018b 00        		.string	""
 650 018c 5F5A 4E31 		.string	"_ZN17Adafruit_NeoPixel9numPixelsEv"
 650      3741 6461 
 650      6672 7569 
 650      745F 4E65 
 650      6F50 6978 
 651 01af 00        		.string	""
 652 01b0 00        		.string	""
 653 01b1 00        		.string	""
 654 01b2 00        		.string	""
 655 01b3 00        		.string	""
 656 01b4 00        		.string	""
 657 01b5 00        		.string	""
 658 01b6 00        		.string	""
 659 01b7 00        		.string	""
 660 01b8 00        		.string	""
 661 01b9 00        		.string	""
 662 01ba 2B01 00   		.string	"+\001"
 663 01bd 00        		.string	""
 664 01be 5F5A 4E31 		.string	"_ZN17Adafruit_NeoPixel13setBrightnessEh"
 664      3741 6461 
 664      6672 7569 
 664      745F 4E65 
 664      6F50 6978 
 665 01e6 00        		.string	""
 666 01e7 00        		.string	""
 667 01e8 00        		.string	""
 668 01e9 00        		.string	""
 669 01ea 00        		.string	""
 670 01eb 00        		.string	""
 671 01ec 00        		.string	""
 672 01ed 00        		.string	""
 673 01ee 00        		.string	""
 674 01ef 00        		.string	""
 675 01f0 00        		.string	""
 676 01f1 3101 00   		.string	"1\001"
 677 01f4 00        		.string	""
 678 01f5 6469 6769 		.string	"digital_pin_to_port_PGM"
 678      7461 6C5F 
 678      7069 6E5F 
 678      746F 5F70 
 678      6F72 745F 
 679 020d 00        		.string	""
 680 020e 0200      		.string	"\002"
 681 0210 00        		.string	""
 682 0211 00        		.string	""
 683 0212 00        		.string	""
 684 0213 00        		.string	""
 685 0214 00        		.string	""
 686 0215 00        		.string	""
 687 0216 00        		.string	""
 688 0217 00        		.string	""
 689 0218 5B01 00   		.string	"[\001"
 690 021b 00        		.string	""
 691 021c 706F 7274 		.string	"port_to_output_PGM"
 691      5F74 6F5F 
 691      6F75 7470 
 691      7574 5F50 
 691      474D 00
 692 022f 00        		.string	""
 693 0230 0200      		.string	"\002"
 694 0232 00        		.string	""
 695 0233 00        		.string	""
 696 0234 00        		.string	""
 697 0235 00        		.string	""
 698 0236 00        		.string	""
 699 0237 00        		.string	""
 700 0238 00        		.string	""
 701 0239 00        		.string	""
 702 023a 6001 00   		.string	"`\001"
 703 023d 00        		.string	""
 704 023e 6469 6769 		.string	"digital_pin_to_bit_mask_PGM"
 704      7461 6C5F 
 704      7069 6E5F 
 704      746F 5F62 
 704      6974 5F6D 
 705 025a 00        		.string	""
 706 025b 0200      		.string	"\002"
 707 025d 00        		.string	""
 708 025e 00        		.string	""
 709 025f 00        		.string	""
 710 0260 00        		.string	""
 711 0261 00        		.string	""
 712 0262 00        		.string	""
 713 0263 00        		.string	""
 714 0264 00        		.string	""
 715 0265 6301 00   		.string	"c\001"
 716 0268 00        		.string	""
 717 0269 6D69 6372 		.string	"micros"
 717      6F73 00
 718 0270 00        		.string	""
 719 0271 0200      		.string	"\002"
 720 0273 00        		.string	""
 721 0274 00        		.string	""
 722 0275 00        		.string	""
 723 0276 00        		.string	""
 724 0277 00        		.string	""
 725 0278 00        		.string	""
 726 0279 00        		.string	""
 727 027a 00        		.string	""
 728 027b 3401 00   		.string	"4\001"
 729 027e 00        		.string	""
 730 027f 6469 6769 		.string	"digitalWrite"
 730      7461 6C57 
 730      7269 7465 
 730      00
 731 028c 00        		.string	""
 732 028d 0200      		.string	"\002"
 733 028f 00        		.string	""
 734 0290 00        		.string	""
 735 0291 00        		.string	""
 736 0292 00        		.string	""
 737 0293 00        		.string	""
 738 0294 00        		.string	""
 739 0295 00        		.string	""
 740 0296 00        		.string	""
 741 0297 5301 00   		.string	"S\001"
 742 029a 00        		.string	""
 743 029b 7069 6E4D 		.string	"pinMode"
 743      6F64 6500 
 744 02a3 00        		.string	""
 745 02a4 0200      		.string	"\002"
 746 02a6 00        		.string	""
 747 02a7 00        		.string	""
 748 02a8 00        		.string	""
 749 02a9 00        		.string	""
 750 02aa 00        		.string	""
 751 02ab 00        		.string	""
 752 02ac 00        		.string	""
 753 02ad 00        		.string	""
 754 02ae 5501 00   		.string	"U\001"
 755 02b1 00        		.string	""
 756               		.text
 757               		.section	.gnu.lto_.opts,"",@progbits
 758 0000 272D 666E 		.string	"'-fno-trapv' '-mn-flash=2' '-mmcu=avr51' '-g' '-Os' '-ffunction-sections' '-fdata-section
 758      6F2D 7472 
 758      6170 7627 
 758      2027 2D6D 
 758      6E2D 666C 
 759               		.text
 760               		.comm	__gnu_lto_v1,1,1
 761               		.comm	__gnu_lto_slim,1,1
 762               		.ident	"GCC: (GNU) 4.9.2"
DEFINED SYMBOLS
                            *ABS*:00000000 Adafruit_NeoPixel.cpp
C:\Users\OPENMA~1\AppData\Local\Temp\ccqakrZP.s:2      *ABS*:0000003e __SP_H__
C:\Users\OPENMA~1\AppData\Local\Temp\ccqakrZP.s:3      *ABS*:0000003d __SP_L__
C:\Users\OPENMA~1\AppData\Local\Temp\ccqakrZP.s:4      *ABS*:0000003f __SREG__
C:\Users\OPENMA~1\AppData\Local\Temp\ccqakrZP.s:5      *ABS*:0000003b __RAMPZ__
C:\Users\OPENMA~1\AppData\Local\Temp\ccqakrZP.s:6      *ABS*:00000000 __tmp_reg__
C:\Users\OPENMA~1\AppData\Local\Temp\ccqakrZP.s:7      *ABS*:00000001 __zero_reg__
                            *COM*:00000001 __gnu_lto_v1
                            *COM*:00000001 __gnu_lto_slim

NO UNDEFINED SYMBOLS
